INFO:werkzeug:[31m[1mWARNING: This is a development server. Do not use it in a production deployment. Use a production WSGI server instead.[0m
 * Running on http://127.0.0.1:5000
INFO:werkzeug:[33mPress CTRL+C to quit[0m
INFO:werkzeug: * Restarting with stat
WARNING:werkzeug: * Debugger is active!
INFO:werkzeug: * Debugger PIN: 326-603-595
INFO:werkzeug:127.0.0.1 - - [16/May/2023 14:07:08] "[35m[1mGET /main HTTP/1.1[0m" 500 -
INFO:werkzeug:127.0.0.1 - - [16/May/2023 14:07:08] "GET /main?__debugger__=yes&cmd=resource&f=debugger.js HTTP/1.1" 200 -
INFO:werkzeug:127.0.0.1 - - [16/May/2023 14:07:08] "GET /main?__debugger__=yes&cmd=resource&f=style.css HTTP/1.1" 200 -
INFO:werkzeug:127.0.0.1 - - [16/May/2023 14:07:08] "GET /main?__debugger__=yes&cmd=resource&f=console.png HTTP/1.1" 200 -
INFO:werkzeug:127.0.0.1 - - [16/May/2023 14:07:08] "[36mGET /main?__debugger__=yes&cmd=resource&f=console.png HTTP/1.1[0m" 304 -
INFO:werkzeug: * Detected change in 'C:\\k_digital\\SportsLight\\Python\\app.py', reloading
INFO:werkzeug: * Restarting with stat
WARNING:werkzeug: * Debugger is active!
INFO:werkzeug: * Debugger PIN: 326-603-595
INFO:werkzeug:127.0.0.1 - - [16/May/2023 14:24:13] "[35m[1mGET / HTTP/1.1[0m" 500 -
INFO:werkzeug:127.0.0.1 - - [16/May/2023 14:24:13] "GET /?__debugger__=yes&cmd=resource&f=debugger.js HTTP/1.1" 200 -
INFO:werkzeug:127.0.0.1 - - [16/May/2023 14:24:13] "GET /?__debugger__=yes&cmd=resource&f=style.css HTTP/1.1" 200 -
INFO:werkzeug:127.0.0.1 - - [16/May/2023 14:24:13] "GET /?__debugger__=yes&cmd=resource&f=console.png HTTP/1.1" 200 -
INFO:werkzeug:127.0.0.1 - - [16/May/2023 14:24:13] "[36mGET /?__debugger__=yes&cmd=resource&f=console.png HTTP/1.1[0m" 304 -
INFO:werkzeug: * Detected change in 'C:\\k_digital\\SportsLight\\Python\\app.py', reloading
INFO:werkzeug: * Restarting with stat
WARNING:werkzeug: * Debugger is active!
INFO:werkzeug: * Debugger PIN: 326-603-595
INFO:werkzeug:127.0.0.1 - - [16/May/2023 14:24:38] "[35m[1mGET / HTTP/1.1[0m" 500 -
INFO:werkzeug:127.0.0.1 - - [16/May/2023 14:24:38] "[36mGET /?__debugger__=yes&cmd=resource&f=style.css HTTP/1.1[0m" 304 -
INFO:werkzeug:127.0.0.1 - - [16/May/2023 14:24:38] "[36mGET /?__debugger__=yes&cmd=resource&f=debugger.js HTTP/1.1[0m" 304 -
INFO:werkzeug:127.0.0.1 - - [16/May/2023 14:24:38] "[36mGET /?__debugger__=yes&cmd=resource&f=console.png HTTP/1.1[0m" 304 -
INFO:werkzeug:127.0.0.1 - - [16/May/2023 14:24:38] "[36mGET /?__debugger__=yes&cmd=resource&f=console.png HTTP/1.1[0m" 304 -
INFO:werkzeug: * Detected change in 'C:\\k_digital\\SportsLight\\Python\\app.py', reloading
INFO:werkzeug: * Restarting with stat
WARNING:werkzeug: * Debugger is active!
INFO:werkzeug: * Debugger PIN: 326-603-595
INFO:werkzeug:127.0.0.1 - - [16/May/2023 14:25:14] "[35m[1mGET / HTTP/1.1[0m" 500 -
INFO:werkzeug:127.0.0.1 - - [16/May/2023 14:25:14] "[36mGET /?__debugger__=yes&cmd=resource&f=style.css HTTP/1.1[0m" 304 -
INFO:werkzeug:127.0.0.1 - - [16/May/2023 14:25:14] "[36mGET /?__debugger__=yes&cmd=resource&f=debugger.js HTTP/1.1[0m" 304 -
INFO:werkzeug:127.0.0.1 - - [16/May/2023 14:25:14] "[36mGET /?__debugger__=yes&cmd=resource&f=console.png HTTP/1.1[0m" 304 -
INFO:werkzeug:127.0.0.1 - - [16/May/2023 14:25:14] "[36mGET /?__debugger__=yes&cmd=resource&f=console.png HTTP/1.1[0m" 304 -
INFO:werkzeug:127.0.0.1 - - [16/May/2023 14:25:21] "[35m[1mGET / HTTP/1.1[0m" 500 -
INFO:werkzeug:127.0.0.1 - - [16/May/2023 14:25:21] "[36mGET /?__debugger__=yes&cmd=resource&f=style.css HTTP/1.1[0m" 304 -
INFO:werkzeug:127.0.0.1 - - [16/May/2023 14:25:21] "[36mGET /?__debugger__=yes&cmd=resource&f=debugger.js HTTP/1.1[0m" 304 -
INFO:werkzeug:127.0.0.1 - - [16/May/2023 14:25:21] "[36mGET /?__debugger__=yes&cmd=resource&f=console.png HTTP/1.1[0m" 304 -
INFO:werkzeug:127.0.0.1 - - [16/May/2023 14:25:21] "[36mGET /?__debugger__=yes&cmd=resource&f=console.png HTTP/1.1[0m" 304 -
INFO:werkzeug: * Detected change in 'C:\\k_digital\\SportsLight\\Python\\app.py', reloading
INFO:werkzeug: * Restarting with stat
WARNING:werkzeug: * Debugger is active!
INFO:werkzeug: * Debugger PIN: 326-603-595
INFO:werkzeug:127.0.0.1 - - [16/May/2023 14:25:47] "GET / HTTP/1.1" 200 -
INFO:werkzeug: * Detected change in 'C:\\k_digital\\SportsLight\\Python\\app.py', reloading
INFO:werkzeug: * Restarting with stat
WARNING:werkzeug: * Debugger is active!
INFO:werkzeug: * Debugger PIN: 326-603-595
INFO:werkzeug:127.0.0.1 - - [16/May/2023 14:34:40] "GET / HTTP/1.1" 200 -
INFO:werkzeug: * Detected change in 'C:\\k_digital\\SportsLight\\Python\\app.py', reloading
INFO:werkzeug: * Restarting with stat
WARNING:werkzeug: * Debugger is active!
INFO:werkzeug: * Debugger PIN: 326-603-595
INFO:werkzeug: * Detected change in 'C:\\k_digital\\SportsLight\\Python\\app.py', reloading
INFO:werkzeug: * Restarting with stat
WARNING:werkzeug: * Debugger is active!
INFO:werkzeug: * Debugger PIN: 326-603-595
INFO:werkzeug:127.0.0.1 - - [16/May/2023 15:28:39] "GET / HTTP/1.1" 200 -
INFO:werkzeug:127.0.0.1 - - [16/May/2023 15:28:47] "[35m[1mGET /±è±è HTTP/1.1[0m" 500 -
INFO:werkzeug:127.0.0.1 - - [16/May/2023 15:28:47] "GET /±è±è?__debugger__=yes&cmd=resource&f=style.css HTTP/1.1" 200 -
INFO:werkzeug:127.0.0.1 - - [16/May/2023 15:28:47] "GET /±è±è?__debugger__=yes&cmd=resource&f=debugger.js HTTP/1.1" 200 -
INFO:werkzeug:127.0.0.1 - - [16/May/2023 15:28:47] "GET /±è±è?__debugger__=yes&cmd=resource&f=console.png HTTP/1.1" 200 -
INFO:werkzeug:127.0.0.1 - - [16/May/2023 15:28:47] "[36mGET /±è±è?__debugger__=yes&cmd=resource&f=console.png HTTP/1.1[0m" 304 -
INFO:werkzeug: * Detected change in 'C:\\k_digital\\SportsLight\\Python\\app.py', reloading
INFO:werkzeug: * Restarting with stat
WARNING:werkzeug: * Debugger is active!
INFO:werkzeug: * Debugger PIN: 326-603-595
INFO:werkzeug:127.0.0.1 - - [16/May/2023 15:31:18] "GET /±è±è HTTP/1.1" 200 -
INFO:werkzeug: * Detected change in 'C:\\k_digital\\SportsLight\\Python\\app.py', reloading
INFO:werkzeug: * Restarting with stat
WARNING:werkzeug: * Debugger is active!
INFO:werkzeug: * Debugger PIN: 326-603-595
INFO:werkzeug:127.0.0.1 - - [16/May/2023 15:37:00] "GET / HTTP/1.1" 200 -
INFO:werkzeug: * Detected change in 'C:\\k_digital\\SportsLight\\Python\\app.py', reloading
INFO:werkzeug: * Restarting with stat
WARNING:werkzeug: * Debugger is active!
INFO:werkzeug: * Debugger PIN: 326-603-595
INFO:werkzeug: * Detected change in 'C:\\k_digital\\SportsLight\\Python\\app.py', reloading
INFO:werkzeug: * Restarting with stat
WARNING:werkzeug: * Debugger is active!
INFO:werkzeug: * Debugger PIN: 326-603-595
INFO:werkzeug:127.0.0.1 - - [16/May/2023 15:57:58] "[35m[1mGET /33 HTTP/1.1[0m" 500 -
INFO:werkzeug:127.0.0.1 - - [16/May/2023 15:57:58] "GET /33?__debugger__=yes&cmd=resource&f=style.css HTTP/1.1" 200 -
INFO:werkzeug:127.0.0.1 - - [16/May/2023 15:57:58] "GET /33?__debugger__=yes&cmd=resource&f=debugger.js HTTP/1.1" 200 -
INFO:werkzeug:127.0.0.1 - - [16/May/2023 15:57:58] "GET /33?__debugger__=yes&cmd=resource&f=console.png HTTP/1.1" 200 -
INFO:werkzeug:127.0.0.1 - - [16/May/2023 15:57:58] "[36mGET /33?__debugger__=yes&cmd=resource&f=console.png HTTP/1.1[0m" 304 -
INFO:werkzeug: * Detected change in 'C:\\k_digital\\SportsLight\\Python\\app.py', reloading
INFO:werkzeug: * Restarting with stat
WARNING:werkzeug: * Debugger is active!
INFO:werkzeug: * Debugger PIN: 326-603-595
INFO:werkzeug:127.0.0.1 - - [16/May/2023 15:59:04] "[35m[1mGET /33 HTTP/1.1[0m" 500 -
INFO:werkzeug:127.0.0.1 - - [16/May/2023 15:59:04] "[36mGET /33?__debugger__=yes&cmd=resource&f=style.css HTTP/1.1[0m" 304 -
INFO:werkzeug:127.0.0.1 - - [16/May/2023 15:59:04] "[36mGET /33?__debugger__=yes&cmd=resource&f=debugger.js HTTP/1.1[0m" 304 -
INFO:werkzeug:127.0.0.1 - - [16/May/2023 15:59:04] "[36mGET /33?__debugger__=yes&cmd=resource&f=console.png HTTP/1.1[0m" 304 -
INFO:werkzeug:127.0.0.1 - - [16/May/2023 15:59:04] "[36mGET /33?__debugger__=yes&cmd=resource&f=console.png HTTP/1.1[0m" 304 -
INFO:werkzeug: * Detected change in 'C:\\k_digital\\SportsLight\\Python\\app.py', reloading
INFO:werkzeug: * Restarting with stat
WARNING:werkzeug: * Debugger is active!
INFO:werkzeug: * Debugger PIN: 326-603-595
INFO:werkzeug:127.0.0.1 - - [16/May/2023 16:00:09] "[35m[1mGET /33 HTTP/1.1[0m" 500 -
INFO:werkzeug:127.0.0.1 - - [16/May/2023 16:00:09] "[36mGET /33?__debugger__=yes&cmd=resource&f=style.css HTTP/1.1[0m" 304 -
INFO:werkzeug:127.0.0.1 - - [16/May/2023 16:00:09] "[36mGET /33?__debugger__=yes&cmd=resource&f=debugger.js HTTP/1.1[0m" 304 -
INFO:werkzeug:127.0.0.1 - - [16/May/2023 16:00:09] "[36mGET /33?__debugger__=yes&cmd=resource&f=console.png HTTP/1.1[0m" 304 -
INFO:werkzeug:127.0.0.1 - - [16/May/2023 16:00:09] "[36mGET /33?__debugger__=yes&cmd=resource&f=console.png HTTP/1.1[0m" 304 -
INFO:werkzeug: * Detected change in 'C:\\k_digital\\SportsLight\\Python\\app.py', reloading
INFO:werkzeug: * Restarting with stat
WARNING:werkzeug: * Debugger is active!
INFO:werkzeug: * Debugger PIN: 326-603-595
INFO:werkzeug:127.0.0.1 - - [16/May/2023 16:00:47] "[35m[1mGET /33 HTTP/1.1[0m" 500 -
INFO:werkzeug:127.0.0.1 - - [16/May/2023 16:00:47] "[36mGET /33?__debugger__=yes&cmd=resource&f=style.css HTTP/1.1[0m" 304 -
INFO:werkzeug:127.0.0.1 - - [16/May/2023 16:00:47] "[36mGET /33?__debugger__=yes&cmd=resource&f=debugger.js HTTP/1.1[0m" 304 -
INFO:werkzeug:127.0.0.1 - - [16/May/2023 16:00:47] "[36mGET /33?__debugger__=yes&cmd=resource&f=console.png HTTP/1.1[0m" 304 -
INFO:werkzeug:127.0.0.1 - - [16/May/2023 16:00:47] "[36mGET /33?__debugger__=yes&cmd=resource&f=console.png HTTP/1.1[0m" 304 -
INFO:werkzeug: * Detected change in 'C:\\k_digital\\SportsLight\\Python\\app.py', reloading
INFO:werkzeug: * Restarting with stat
WARNING:werkzeug: * Debugger is active!
INFO:werkzeug: * Debugger PIN: 326-603-595
INFO:werkzeug:127.0.0.1 - - [16/May/2023 16:06:20] "GET /33 HTTP/1.1" 200 -
INFO:werkzeug:127.0.0.1 - - [16/May/2023 16:11:22] "GET /33 HTTP/1.1" 200 -
INFO:werkzeug:127.0.0.1 - - [16/May/2023 16:11:23] "GET /33 HTTP/1.1" 200 -
INFO:werkzeug:[31m[1mWARNING: This is a development server. Do not use it in a production deployment. Use a production WSGI server instead.[0m
 * Running on http://127.0.0.1:5000
INFO:werkzeug:[33mPress CTRL+C to quit[0m
INFO:werkzeug: * Restarting with stat
WARNING:werkzeug: * Debugger is active!
INFO:werkzeug: * Debugger PIN: 326-603-595
INFO:werkzeug:[31m[1mWARNING: This is a development server. Do not use it in a production deployment. Use a production WSGI server instead.[0m
 * Running on http://127.0.0.1:5000
INFO:werkzeug:[33mPress CTRL+C to quit[0m
INFO:werkzeug:127.0.0.1 - - [16/May/2023 16:13:02] "GET / HTTP/1.1" 200 -
INFO:werkzeug:127.0.0.1 - - [16/May/2023 16:13:02] "GET /favicon.ico HTTP/1.1" 200 -
INFO:werkzeug:127.0.0.1 - - [16/May/2023 16:13:07] "GET /ads HTTP/1.1" 200 -
INFO:werkzeug:127.0.0.1 - - [16/May/2023 16:13:07] "GET /favicon.ico HTTP/1.1" 200 -
INFO:werkzeug:127.0.0.1 - - [16/May/2023 16:40:10] "GET /ads HTTP/1.1" 200 -
INFO:werkzeug:127.0.0.1 - - [16/May/2023 16:40:11] "GET /favicon.ico HTTP/1.1" 200 -
INFO:werkzeug:127.0.0.1 - - [16/May/2023 16:40:21] "GET /ads HTTP/1.1" 200 -
INFO:werkzeug:127.0.0.1 - - [16/May/2023 16:40:21] "GET /favicon.ico HTTP/1.1" 200 -
INFO:werkzeug:127.0.0.1 - - [16/May/2023 16:40:23] "GET /ads HTTP/1.1" 200 -
INFO:werkzeug:127.0.0.1 - - [16/May/2023 16:40:23] "GET /favicon.ico HTTP/1.1" 200 -
INFO:werkzeug:127.0.0.1 - - [16/May/2023 16:40:26] "GET / HTTP/1.1" 200 -
INFO:werkzeug:127.0.0.1 - - [16/May/2023 16:40:26] "GET /favicon.ico HTTP/1.1" 200 -
INFO:werkzeug:[31m[1mWARNING: This is a development server. Do not use it in a production deployment. Use a production WSGI server instead.[0m
 * Running on http://127.0.0.1:5000
INFO:werkzeug:[33mPress CTRL+C to quit[0m
INFO:werkzeug: * Restarting with stat
WARNING:werkzeug: * Debugger is active!
INFO:werkzeug: * Debugger PIN: 326-603-595
INFO:werkzeug:[31m[1mWARNING: This is a development server. Do not use it in a production deployment. Use a production WSGI server instead.[0m
 * Running on http://127.0.0.1:5000
INFO:werkzeug:[33mPress CTRL+C to quit[0m
INFO:werkzeug: * Restarting with stat
WARNING:werkzeug: * Debugger is active!
INFO:werkzeug: * Debugger PIN: 326-603-595
INFO:werkzeug:127.0.0.1 - - [16/May/2023 16:45:36] "GET / HTTP/1.1" 200 -
INFO:werkzeug:127.0.0.1 - - [16/May/2023 16:45:36] "[35m[1mGET /favicon.ico HTTP/1.1[0m" 500 -
INFO:werkzeug: * Detected change in 'C:\\k_digital\\SportsLight\\Python\\app.py', reloading
INFO:werkzeug: * Restarting with stat
WARNING:werkzeug: * Debugger is active!
INFO:werkzeug: * Debugger PIN: 326-603-595
INFO:werkzeug:127.0.0.1 - - [16/May/2023 16:45:44] "GET / HTTP/1.1" 200 -
INFO:werkzeug:127.0.0.1 - - [16/May/2023 16:45:44] "[35m[1mGET /favicon.ico HTTP/1.1[0m" 500 -
INFO:werkzeug:127.0.0.1 - - [16/May/2023 16:45:52] "[35m[1mGET /ad¤±¤¦ HTTP/1.1[0m" 500 -
INFO:werkzeug:127.0.0.1 - - [16/May/2023 16:45:52] "GET /ad¤±¤¦?__debugger__=yes&cmd=resource&f=style.css HTTP/1.1" 200 -
INFO:werkzeug:127.0.0.1 - - [16/May/2023 16:45:52] "GET /ad¤±¤¦?__debugger__=yes&cmd=resource&f=debugger.js HTTP/1.1" 200 -
INFO:werkzeug:127.0.0.1 - - [16/May/2023 16:45:52] "GET /ad¤±¤¦?__debugger__=yes&cmd=resource&f=console.png HTTP/1.1" 200 -
INFO:werkzeug:127.0.0.1 - - [16/May/2023 16:45:53] "[36mGET /ad¤±¤¦?__debugger__=yes&cmd=resource&f=console.png HTTP/1.1[0m" 304 -
INFO:werkzeug: * Detected change in 'C:\\k_digital\\SportsLight\\Python\\app.py', reloading
INFO:werkzeug: * Restarting with stat
WARNING:werkzeug: * Debugger is active!
INFO:werkzeug: * Debugger PIN: 326-603-595
INFO:werkzeug:127.0.0.1 - - [16/May/2023 16:46:13] "GET /ad¤±¤¦ HTTP/1.1" 200 -
INFO:werkzeug:127.0.0.1 - - [16/May/2023 16:46:14] "GET /favicon.ico HTTP/1.1" 200 -
INFO:werkzeug: * Detected change in 'C:\\k_digital\\SportsLight\\Python\\app.py', reloading
INFO:werkzeug: * Restarting with stat
WARNING:werkzeug: * Debugger is active!
INFO:werkzeug: * Debugger PIN: 326-603-595
INFO:werkzeug:127.0.0.1 - - [16/May/2023 16:55:19] "[35m[1mGET /ad¤±¤¦ HTTP/1.1[0m" 500 -
INFO:werkzeug:127.0.0.1 - - [16/May/2023 16:55:19] "[36mGET /ad¤±¤¦?__debugger__=yes&cmd=resource&f=style.css HTTP/1.1[0m" 304 -
INFO:werkzeug:127.0.0.1 - - [16/May/2023 16:55:19] "[36mGET /ad¤±¤¦?__debugger__=yes&cmd=resource&f=debugger.js HTTP/1.1[0m" 304 -
INFO:werkzeug:127.0.0.1 - - [16/May/2023 16:55:19] "[36mGET /ad¤±¤¦?__debugger__=yes&cmd=resource&f=console.png HTTP/1.1[0m" 304 -
INFO:werkzeug:127.0.0.1 - - [16/May/2023 16:55:19] "[36mGET /ad¤±¤¦?__debugger__=yes&cmd=resource&f=console.png HTTP/1.1[0m" 304 -
INFO:werkzeug:[31m[1mWARNING: This is a development server. Do not use it in a production deployment. Use a production WSGI server instead.[0m
 * Running on http://127.0.0.1:5000
INFO:werkzeug:[33mPress CTRL+C to quit[0m
INFO:werkzeug: * Restarting with stat
WARNING:werkzeug: * Debugger is active!
INFO:werkzeug: * Debugger PIN: 326-603-595
INFO:werkzeug:127.0.0.1 - - [16/May/2023 16:56:00] "GET /ad¤±¤¦ HTTP/1.1" 200 -
INFO:werkzeug:127.0.0.1 - - [16/May/2023 16:56:00] "GET /favicon.ico HTTP/1.1" 200 -
INFO:werkzeug: * Detected change in 'C:\\k_digital\\SportsLight\\Python\\app.py', reloading
INFO:werkzeug: * Restarting with stat
WARNING:werkzeug: * Debugger is active!
INFO:werkzeug: * Debugger PIN: 326-603-595
INFO:werkzeug:127.0.0.1 - - [16/May/2023 16:56:39] "[35m[1mGET /ad¤±¤¦ HTTP/1.1[0m" 500 -
INFO:werkzeug:127.0.0.1 - - [16/May/2023 16:56:39] "[36mGET /ad¤±¤¦?__debugger__=yes&cmd=resource&f=style.css HTTP/1.1[0m" 304 -
INFO:werkzeug:127.0.0.1 - - [16/May/2023 16:56:39] "[36mGET /ad¤±¤¦?__debugger__=yes&cmd=resource&f=debugger.js HTTP/1.1[0m" 304 -
INFO:werkzeug:127.0.0.1 - - [16/May/2023 16:56:39] "[36mGET /ad¤±¤¦?__debugger__=yes&cmd=resource&f=console.png HTTP/1.1[0m" 304 -
INFO:werkzeug:127.0.0.1 - - [16/May/2023 16:56:39] "[36mGET /ad¤±¤¦?__debugger__=yes&cmd=resource&f=console.png HTTP/1.1[0m" 304 -
INFO:werkzeug: * Detected change in 'C:\\k_digital\\SportsLight\\Python\\app.py', reloading
INFO:werkzeug: * Restarting with stat
WARNING:werkzeug: * Debugger is active!
INFO:werkzeug: * Debugger PIN: 326-603-595
INFO:werkzeug:127.0.0.1 - - [16/May/2023 16:59:04] "[35m[1mGET /ad¤±¤¦ HTTP/1.1[0m" 500 -
INFO:werkzeug:127.0.0.1 - - [16/May/2023 16:59:04] "[36mGET /ad¤±¤¦?__debugger__=yes&cmd=resource&f=style.css HTTP/1.1[0m" 304 -
INFO:werkzeug:127.0.0.1 - - [16/May/2023 16:59:04] "[36mGET /ad¤±¤¦?__debugger__=yes&cmd=resource&f=debugger.js HTTP/1.1[0m" 304 -
INFO:werkzeug:127.0.0.1 - - [16/May/2023 16:59:05] "[36mGET /ad¤±¤¦?__debugger__=yes&cmd=resource&f=console.png HTTP/1.1[0m" 304 -
INFO:werkzeug:127.0.0.1 - - [16/May/2023 16:59:05] "[36mGET /ad¤±¤¦?__debugger__=yes&cmd=resource&f=console.png HTTP/1.1[0m" 304 -
INFO:werkzeug:127.0.0.1 - - [16/May/2023 16:59:08] "[35m[1mGET /ad¤±¤¦ HTTP/1.1[0m" 500 -
INFO:werkzeug:127.0.0.1 - - [16/May/2023 16:59:08] "[36mGET /ad¤±¤¦?__debugger__=yes&cmd=resource&f=style.css HTTP/1.1[0m" 304 -
INFO:werkzeug:127.0.0.1 - - [16/May/2023 16:59:08] "[36mGET /ad¤±¤¦?__debugger__=yes&cmd=resource&f=debugger.js HTTP/1.1[0m" 304 -
INFO:werkzeug:127.0.0.1 - - [16/May/2023 16:59:08] "[36mGET /ad¤±¤¦?__debugger__=yes&cmd=resource&f=console.png HTTP/1.1[0m" 304 -
INFO:werkzeug:127.0.0.1 - - [16/May/2023 16:59:09] "[36mGET /ad¤±¤¦?__debugger__=yes&cmd=resource&f=console.png HTTP/1.1[0m" 304 -
INFO:werkzeug: * Detected change in 'C:\\k_digital\\SportsLight\\Python\\app.py', reloading
INFO:werkzeug: * Restarting with stat
WARNING:werkzeug: * Debugger is active!
INFO:werkzeug: * Debugger PIN: 326-603-595
INFO:werkzeug:127.0.0.1 - - [16/May/2023 16:59:56] "[35m[1mGET /ad¤±¤¦ HTTP/1.1[0m" 500 -
INFO:werkzeug:127.0.0.1 - - [16/May/2023 16:59:56] "[36mGET /ad¤±¤¦?__debugger__=yes&cmd=resource&f=style.css HTTP/1.1[0m" 304 -
INFO:werkzeug:127.0.0.1 - - [16/May/2023 16:59:56] "[36mGET /ad¤±¤¦?__debugger__=yes&cmd=resource&f=debugger.js HTTP/1.1[0m" 304 -
INFO:werkzeug:127.0.0.1 - - [16/May/2023 16:59:56] "[36mGET /ad¤±¤¦?__debugger__=yes&cmd=resource&f=console.png HTTP/1.1[0m" 304 -
INFO:werkzeug:127.0.0.1 - - [16/May/2023 16:59:56] "[36mGET /ad¤±¤¦?__debugger__=yes&cmd=resource&f=console.png HTTP/1.1[0m" 304 -
INFO:werkzeug: * Detected change in 'C:\\k_digital\\SportsLight\\Python\\app.py', reloading
INFO:werkzeug: * Restarting with stat
WARNING:werkzeug: * Debugger is active!
INFO:werkzeug: * Debugger PIN: 326-603-595
INFO:werkzeug:127.0.0.1 - - [16/May/2023 17:02:27] "GET /ad¤±¤¦ HTTP/1.1" 200 -
INFO:werkzeug:127.0.0.1 - - [16/May/2023 17:02:27] "GET /favicon.ico HTTP/1.1" 200 -
INFO:werkzeug: * Detected change in 'C:\\k_digital\\SportsLight\\Python\\app.py', reloading
INFO:werkzeug: * Restarting with stat
WARNING:werkzeug: * Debugger is active!
INFO:werkzeug: * Debugger PIN: 326-603-595
INFO:werkzeug:127.0.0.1 - - [16/May/2023 17:02:40] "GET /ad¤±¤¦ HTTP/1.1" 200 -
INFO:werkzeug:127.0.0.1 - - [16/May/2023 17:02:40] "GET /favicon.ico HTTP/1.1" 200 -
INFO:werkzeug: * Detected change in 'C:\\k_digital\\SportsLight\\Python\\app.py', reloading
INFO:werkzeug: * Restarting with stat
WARNING:werkzeug: * Debugger is active!
INFO:werkzeug: * Debugger PIN: 326-603-595
INFO:werkzeug:127.0.0.1 - - [16/May/2023 17:03:19] "[35m[1mGET /ad¤±¤¦ HTTP/1.1[0m" 500 -
INFO:werkzeug:127.0.0.1 - - [16/May/2023 17:03:19] "[36mGET /ad¤±¤¦?__debugger__=yes&cmd=resource&f=style.css HTTP/1.1[0m" 304 -
INFO:werkzeug:127.0.0.1 - - [16/May/2023 17:03:19] "[36mGET /ad¤±¤¦?__debugger__=yes&cmd=resource&f=debugger.js HTTP/1.1[0m" 304 -
INFO:werkzeug:127.0.0.1 - - [16/May/2023 17:03:19] "[36mGET /ad¤±¤¦?__debugger__=yes&cmd=resource&f=console.png HTTP/1.1[0m" 304 -
INFO:werkzeug:127.0.0.1 - - [16/May/2023 17:03:19] "[36mGET /ad¤±¤¦?__debugger__=yes&cmd=resource&f=console.png HTTP/1.1[0m" 304 -
INFO:werkzeug: * Detected change in 'C:\\k_digital\\SportsLight\\Python\\app.py', reloading
INFO:werkzeug: * Restarting with stat
WARNING:werkzeug: * Debugger is active!
INFO:werkzeug: * Debugger PIN: 326-603-595
INFO:werkzeug:127.0.0.1 - - [16/May/2023 17:03:28] "GET /ad¤±¤¦ HTTP/1.1" 200 -
INFO:werkzeug:127.0.0.1 - - [16/May/2023 17:03:28] "GET /favicon.ico HTTP/1.1" 200 -
INFO:werkzeug: * Detected change in 'C:\\k_digital\\SportsLight\\Python\\app.py', reloading
INFO:werkzeug: * Restarting with stat
WARNING:werkzeug: * Debugger is active!
INFO:werkzeug: * Debugger PIN: 326-603-595
INFO:werkzeug: * Detected change in 'C:\\k_digital\\SportsLight\\Python\\app.py', reloading
INFO:werkzeug: * Restarting with stat
WARNING:werkzeug: * Debugger is active!
INFO:werkzeug: * Debugger PIN: 326-603-595
INFO:werkzeug: * Detected change in 'C:\\k_digital\\SportsLight\\Python\\app.py', reloading
INFO:werkzeug: * Restarting with stat
WARNING:werkzeug: * Debugger is active!
INFO:werkzeug: * Debugger PIN: 326-603-595
INFO:werkzeug:127.0.0.1 - - [16/May/2023 17:06:21] "GET /ad¤±¤¦ HTTP/1.1" 200 -
INFO:werkzeug:127.0.0.1 - - [16/May/2023 17:06:21] "GET /favicon.ico HTTP/1.1" 200 -
INFO:werkzeug: * Detected change in 'C:\\k_digital\\SportsLight\\Python\\app.py', reloading
INFO:werkzeug: * Restarting with stat
WARNING:werkzeug: * Debugger is active!
INFO:werkzeug: * Debugger PIN: 326-603-595
INFO:werkzeug: * Detected change in 'C:\\k_digital\\SportsLight\\Python\\app.py', reloading
INFO:werkzeug: * Restarting with stat
WARNING:werkzeug: * Debugger is active!
INFO:werkzeug: * Debugger PIN: 326-603-595
INFO:werkzeug:127.0.0.1 - - [16/May/2023 17:08:54] "[35m[1mGET /ad¤±¤¦ HTTP/1.1[0m" 500 -
INFO:werkzeug:127.0.0.1 - - [16/May/2023 17:08:54] "[36mGET /ad¤±¤¦?__debugger__=yes&cmd=resource&f=style.css HTTP/1.1[0m" 304 -
INFO:werkzeug:127.0.0.1 - - [16/May/2023 17:08:54] "[36mGET /ad¤±¤¦?__debugger__=yes&cmd=resource&f=debugger.js HTTP/1.1[0m" 304 -
INFO:werkzeug:127.0.0.1 - - [16/May/2023 17:08:54] "[36mGET /ad¤±¤¦?__debugger__=yes&cmd=resource&f=console.png HTTP/1.1[0m" 304 -
INFO:werkzeug:127.0.0.1 - - [16/May/2023 17:08:55] "[36mGET /ad¤±¤¦?__debugger__=yes&cmd=resource&f=console.png HTTP/1.1[0m" 304 -
INFO:werkzeug: * Detected change in 'C:\\k_digital\\SportsLight\\Python\\app.py', reloading
INFO:werkzeug: * Restarting with stat
WARNING:werkzeug: * Debugger is active!
INFO:werkzeug: * Debugger PIN: 326-603-595
INFO:werkzeug:127.0.0.1 - - [16/May/2023 17:09:57] "[35m[1mGET /ad¤±¤¦ HTTP/1.1[0m" 500 -
INFO:werkzeug:127.0.0.1 - - [16/May/2023 17:09:57] "[36mGET /ad¤±¤¦?__debugger__=yes&cmd=resource&f=style.css HTTP/1.1[0m" 304 -
INFO:werkzeug:127.0.0.1 - - [16/May/2023 17:09:58] "[36mGET /ad¤±¤¦?__debugger__=yes&cmd=resource&f=debugger.js HTTP/1.1[0m" 304 -
INFO:werkzeug:127.0.0.1 - - [16/May/2023 17:09:59] "[35m[1mGET /ad¤±¤¦ HTTP/1.1[0m" 500 -
INFO:werkzeug:127.0.0.1 - - [16/May/2023 17:09:59] "[36mGET /ad¤±¤¦?__debugger__=yes&cmd=resource&f=style.css HTTP/1.1[0m" 304 -
INFO:werkzeug:127.0.0.1 - - [16/May/2023 17:09:59] "[36mGET /ad¤±¤¦?__debugger__=yes&cmd=resource&f=debugger.js HTTP/1.1[0m" 304 -
INFO:werkzeug:127.0.0.1 - - [16/May/2023 17:09:59] "GET /ad¤±¤¦?__debugger__=yes&cmd=resource&f=console.png HTTP/1.1" 200 -
INFO:werkzeug:127.0.0.1 - - [16/May/2023 17:09:59] "[36mGET /ad¤±¤¦?__debugger__=yes&cmd=resource&f=console.png HTTP/1.1[0m" 304 -
INFO:werkzeug: * Detected change in 'C:\\k_digital\\SportsLight\\Python\\app.py', reloading
INFO:werkzeug: * Restarting with stat
WARNING:werkzeug: * Debugger is active!
INFO:werkzeug: * Debugger PIN: 326-603-595
INFO:werkzeug:127.0.0.1 - - [16/May/2023 17:10:16] "[35m[1mGET /ad¤±¤¦ HTTP/1.1[0m" 500 -
INFO:werkzeug:127.0.0.1 - - [16/May/2023 17:10:16] "[36mGET /ad¤±¤¦?__debugger__=yes&cmd=resource&f=style.css HTTP/1.1[0m" 304 -
INFO:werkzeug:127.0.0.1 - - [16/May/2023 17:10:16] "[36mGET /ad¤±¤¦?__debugger__=yes&cmd=resource&f=debugger.js HTTP/1.1[0m" 304 -
INFO:werkzeug:127.0.0.1 - - [16/May/2023 17:10:16] "[36mGET /ad¤±¤¦?__debugger__=yes&cmd=resource&f=console.png HTTP/1.1[0m" 304 -
INFO:werkzeug:127.0.0.1 - - [16/May/2023 17:10:17] "[36mGET /ad¤±¤¦?__debugger__=yes&cmd=resource&f=console.png HTTP/1.1[0m" 304 -
INFO:werkzeug: * Detected change in 'C:\\k_digital\\SportsLight\\Python\\app.py', reloading
INFO:werkzeug: * Restarting with stat
WARNING:werkzeug: * Debugger is active!
INFO:werkzeug: * Debugger PIN: 326-603-595
INFO:werkzeug:127.0.0.1 - - [16/May/2023 17:10:30] "GET /ad¤±¤¦ HTTP/1.1" 200 -
INFO:werkzeug:127.0.0.1 - - [16/May/2023 17:10:31] "GET /favicon.ico HTTP/1.1" 200 -
INFO:werkzeug: * Detected change in 'C:\\k_digital\\SportsLight\\Python\\app.py', reloading
INFO:werkzeug: * Restarting with stat
WARNING:werkzeug: * Debugger is active!
INFO:werkzeug: * Debugger PIN: 326-603-595
INFO:werkzeug:127.0.0.1 - - [16/May/2023 17:11:48] "GET /ad¤±¤¦ HTTP/1.1" 200 -
INFO:werkzeug:127.0.0.1 - - [16/May/2023 17:11:49] "GET /favicon.ico HTTP/1.1" 200 -
INFO:werkzeug:127.0.0.1 - - [16/May/2023 17:12:20] "GET /ad¤±¤¦ HTTP/1.1" 200 -
INFO:werkzeug:127.0.0.1 - - [16/May/2023 17:12:21] "GET /favicon.ico HTTP/1.1" 200 -
INFO:werkzeug: * Detected change in 'C:\\k_digital\\SportsLight\\Python\\app.py', reloading
INFO:werkzeug: * Restarting with stat
WARNING:werkzeug: * Debugger is active!
INFO:werkzeug: * Debugger PIN: 326-603-595
INFO:werkzeug: * Detected change in 'C:\\k_digital\\SportsLight\\Python\\app.py', reloading
INFO:werkzeug: * Restarting with stat
WARNING:werkzeug: * Debugger is active!
INFO:werkzeug: * Debugger PIN: 326-603-595
INFO:werkzeug:127.0.0.1 - - [16/May/2023 17:19:36] "[35m[1mGET /ad¤±¤¦ HTTP/1.1[0m" 500 -
INFO:werkzeug:127.0.0.1 - - [16/May/2023 17:19:36] "[36mGET /ad¤±¤¦?__debugger__=yes&cmd=resource&f=style.css HTTP/1.1[0m" 304 -
INFO:werkzeug:127.0.0.1 - - [16/May/2023 17:19:36] "[36mGET /ad¤±¤¦?__debugger__=yes&cmd=resource&f=debugger.js HTTP/1.1[0m" 304 -
INFO:werkzeug:127.0.0.1 - - [16/May/2023 17:19:37] "[36mGET /ad¤±¤¦?__debugger__=yes&cmd=resource&f=console.png HTTP/1.1[0m" 304 -
INFO:werkzeug:127.0.0.1 - - [16/May/2023 17:19:37] "[36mGET /ad¤±¤¦?__debugger__=yes&cmd=resource&f=console.png HTTP/1.1[0m" 304 -
INFO:werkzeug: * Detected change in 'C:\\k_digital\\SportsLight\\Python\\app.py', reloading
INFO:werkzeug: * Restarting with stat
WARNING:werkzeug: * Debugger is active!
INFO:werkzeug: * Debugger PIN: 326-603-595
INFO:werkzeug:127.0.0.1 - - [16/May/2023 17:19:47] "GET /ad¤±¤¦ HTTP/1.1" 200 -
INFO:werkzeug:127.0.0.1 - - [16/May/2023 17:19:47] "GET /favicon.ico HTTP/1.1" 200 -
INFO:werkzeug:127.0.0.1 - - [16/May/2023 17:20:00] "GET /1 HTTP/1.1" 200 -
INFO:werkzeug:127.0.0.1 - - [16/May/2023 17:20:00] "GET /favicon.ico HTTP/1.1" 200 -
INFO:werkzeug:127.0.0.1 - - [16/May/2023 17:20:06] "GET /536 HTTP/1.1" 200 -
INFO:werkzeug:127.0.0.1 - - [16/May/2023 17:20:06] "GET /favicon.ico HTTP/1.1" 200 -
INFO:werkzeug:127.0.0.1 - - [16/May/2023 17:20:13] "GET /259 HTTP/1.1" 200 -
INFO:werkzeug:127.0.0.1 - - [16/May/2023 17:20:13] "GET /favicon.ico HTTP/1.1" 200 -
INFO:werkzeug: * Detected change in 'C:\\k_digital\\SportsLight\\Python\\app.py', reloading
INFO:werkzeug: * Restarting with stat
WARNING:werkzeug: * Debugger is active!
INFO:werkzeug: * Debugger PIN: 326-603-595
INFO:werkzeug: * Detected change in 'C:\\k_digital\\SportsLight\\Python\\app.py', reloading
INFO:werkzeug: * Restarting with stat
WARNING:werkzeug: * Debugger is active!
INFO:werkzeug: * Debugger PIN: 326-603-595
INFO:werkzeug:127.0.0.1 - - [16/May/2023 17:43:24] "[35m[1mGET /259 HTTP/1.1[0m" 500 -
INFO:werkzeug:127.0.0.1 - - [16/May/2023 17:43:24] "GET /259?__debugger__=yes&cmd=resource&f=style.css HTTP/1.1" 200 -
INFO:werkzeug:127.0.0.1 - - [16/May/2023 17:43:24] "GET /259?__debugger__=yes&cmd=resource&f=debugger.js HTTP/1.1" 200 -
INFO:werkzeug:127.0.0.1 - - [16/May/2023 17:43:24] "GET /259?__debugger__=yes&cmd=resource&f=console.png HTTP/1.1" 200 -
INFO:werkzeug:127.0.0.1 - - [16/May/2023 17:43:25] "[36mGET /259?__debugger__=yes&cmd=resource&f=console.png HTTP/1.1[0m" 304 -
INFO:werkzeug: * Detected change in 'C:\\k_digital\\SportsLight\\Python\\app.py', reloading
INFO:werkzeug: * Restarting with stat
WARNING:werkzeug: * Debugger is active!
INFO:werkzeug: * Debugger PIN: 326-603-595
INFO:werkzeug:127.0.0.1 - - [16/May/2023 17:44:11] "[35m[1mGET /259 HTTP/1.1[0m" 500 -
INFO:werkzeug:127.0.0.1 - - [16/May/2023 17:44:11] "[36mGET /259?__debugger__=yes&cmd=resource&f=style.css HTTP/1.1[0m" 304 -
INFO:werkzeug:127.0.0.1 - - [16/May/2023 17:44:11] "[36mGET /259?__debugger__=yes&cmd=resource&f=debugger.js HTTP/1.1[0m" 304 -
INFO:werkzeug:127.0.0.1 - - [16/May/2023 17:44:11] "[36mGET /259?__debugger__=yes&cmd=resource&f=console.png HTTP/1.1[0m" 304 -
INFO:werkzeug:127.0.0.1 - - [16/May/2023 17:44:11] "[36mGET /259?__debugger__=yes&cmd=resource&f=console.png HTTP/1.1[0m" 304 -
INFO:werkzeug: * Detected change in 'C:\\k_digital\\SportsLight\\Python\\app.py', reloading
INFO:werkzeug: * Restarting with stat
WARNING:werkzeug: * Debugger is active!
INFO:werkzeug: * Debugger PIN: 326-603-595
INFO:werkzeug:127.0.0.1 - - [16/May/2023 17:45:12] "[35m[1mGET /259 HTTP/1.1[0m" 500 -
INFO:werkzeug:127.0.0.1 - - [16/May/2023 17:45:12] "[36mGET /259?__debugger__=yes&cmd=resource&f=style.css HTTP/1.1[0m" 304 -
INFO:werkzeug:127.0.0.1 - - [16/May/2023 17:45:12] "[36mGET /259?__debugger__=yes&cmd=resource&f=debugger.js HTTP/1.1[0m" 304 -
INFO:werkzeug:127.0.0.1 - - [16/May/2023 17:45:13] "[36mGET /259?__debugger__=yes&cmd=resource&f=console.png HTTP/1.1[0m" 304 -
INFO:werkzeug:127.0.0.1 - - [16/May/2023 17:45:13] "[36mGET /259?__debugger__=yes&cmd=resource&f=console.png HTTP/1.1[0m" 304 -
INFO:werkzeug:127.0.0.1 - - [16/May/2023 17:45:20] "[35m[1mGET /259 HTTP/1.1[0m" 500 -
INFO:werkzeug:127.0.0.1 - - [16/May/2023 17:45:20] "[36mGET /259?__debugger__=yes&cmd=resource&f=style.css HTTP/1.1[0m" 304 -
INFO:werkzeug:127.0.0.1 - - [16/May/2023 17:45:20] "[36mGET /259?__debugger__=yes&cmd=resource&f=debugger.js HTTP/1.1[0m" 304 -
INFO:werkzeug:127.0.0.1 - - [16/May/2023 17:45:20] "[36mGET /259?__debugger__=yes&cmd=resource&f=console.png HTTP/1.1[0m" 304 -
INFO:werkzeug:127.0.0.1 - - [16/May/2023 17:45:20] "[36mGET /259?__debugger__=yes&cmd=resource&f=console.png HTTP/1.1[0m" 304 -
INFO:werkzeug: * Detected change in 'C:\\k_digital\\SportsLight\\Python\\app.py', reloading
INFO:werkzeug: * Restarting with stat
WARNING:werkzeug: * Debugger is active!
INFO:werkzeug: * Debugger PIN: 326-603-595
INFO:werkzeug:127.0.0.1 - - [16/May/2023 17:45:29] "[35m[1mGET /259 HTTP/1.1[0m" 500 -
INFO:werkzeug:127.0.0.1 - - [16/May/2023 17:45:29] "[36mGET /259?__debugger__=yes&cmd=resource&f=style.css HTTP/1.1[0m" 304 -
INFO:werkzeug:127.0.0.1 - - [16/May/2023 17:45:29] "[36mGET /259?__debugger__=yes&cmd=resource&f=debugger.js HTTP/1.1[0m" 304 -
INFO:werkzeug:127.0.0.1 - - [16/May/2023 17:45:29] "[36mGET /259?__debugger__=yes&cmd=resource&f=console.png HTTP/1.1[0m" 304 -
INFO:werkzeug:127.0.0.1 - - [16/May/2023 17:45:29] "[36mGET /259?__debugger__=yes&cmd=resource&f=console.png HTTP/1.1[0m" 304 -
INFO:werkzeug: * Detected change in 'C:\\k_digital\\SportsLight\\Python\\app.py', reloading
INFO:werkzeug: * Restarting with stat
WARNING:werkzeug: * Debugger is active!
INFO:werkzeug: * Debugger PIN: 326-603-595
INFO:werkzeug:127.0.0.1 - - [16/May/2023 17:46:05] "[35m[1mGET /259 HTTP/1.1[0m" 500 -
INFO:werkzeug:127.0.0.1 - - [16/May/2023 17:46:05] "[36mGET /259?__debugger__=yes&cmd=resource&f=style.css HTTP/1.1[0m" 304 -
INFO:werkzeug:127.0.0.1 - - [16/May/2023 17:46:06] "[36mGET /259?__debugger__=yes&cmd=resource&f=debugger.js HTTP/1.1[0m" 304 -
INFO:werkzeug:127.0.0.1 - - [16/May/2023 17:46:06] "[36mGET /259?__debugger__=yes&cmd=resource&f=console.png HTTP/1.1[0m" 304 -
INFO:werkzeug:127.0.0.1 - - [16/May/2023 17:46:06] "[36mGET /259?__debugger__=yes&cmd=resource&f=console.png HTTP/1.1[0m" 304 -
INFO:werkzeug: * Detected change in 'C:\\k_digital\\SportsLight\\Python\\app.py', reloading
INFO:werkzeug: * Restarting with stat
WARNING:werkzeug: * Debugger is active!
INFO:werkzeug: * Debugger PIN: 326-603-595
INFO:werkzeug:127.0.0.1 - - [16/May/2023 17:46:33] "[35m[1mGET /259 HTTP/1.1[0m" 500 -
INFO:werkzeug:127.0.0.1 - - [16/May/2023 17:46:33] "[36mGET /259?__debugger__=yes&cmd=resource&f=style.css HTTP/1.1[0m" 304 -
INFO:werkzeug:127.0.0.1 - - [16/May/2023 17:46:33] "[36mGET /259?__debugger__=yes&cmd=resource&f=debugger.js HTTP/1.1[0m" 304 -
INFO:werkzeug:127.0.0.1 - - [16/May/2023 17:46:33] "[36mGET /259?__debugger__=yes&cmd=resource&f=console.png HTTP/1.1[0m" 304 -
INFO:werkzeug:127.0.0.1 - - [16/May/2023 17:46:34] "[36mGET /259?__debugger__=yes&cmd=resource&f=console.png HTTP/1.1[0m" 304 -
INFO:werkzeug: * Detected change in 'C:\\k_digital\\SportsLight\\Python\\app.py', reloading
INFO:werkzeug: * Restarting with stat
WARNING:werkzeug: * Debugger is active!
INFO:werkzeug: * Debugger PIN: 326-603-595
INFO:werkzeug:127.0.0.1 - - [16/May/2023 17:51:15] "[35m[1mGET /259 HTTP/1.1[0m" 500 -
INFO:werkzeug:127.0.0.1 - - [16/May/2023 17:51:15] "[36mGET /259?__debugger__=yes&cmd=resource&f=style.css HTTP/1.1[0m" 304 -
INFO:werkzeug:127.0.0.1 - - [16/May/2023 17:51:15] "[36mGET /259?__debugger__=yes&cmd=resource&f=debugger.js HTTP/1.1[0m" 304 -
INFO:werkzeug:127.0.0.1 - - [16/May/2023 17:51:15] "[36mGET /259?__debugger__=yes&cmd=resource&f=console.png HTTP/1.1[0m" 304 -
INFO:werkzeug:127.0.0.1 - - [16/May/2023 17:51:16] "[36mGET /259?__debugger__=yes&cmd=resource&f=console.png HTTP/1.1[0m" 304 -
INFO:werkzeug: * Detected change in 'C:\\k_digital\\SportsLight\\Python\\app.py', reloading
INFO:werkzeug: * Restarting with stat
WARNING:werkzeug: * Debugger is active!
INFO:werkzeug: * Debugger PIN: 326-603-595
INFO:werkzeug:127.0.0.1 - - [16/May/2023 17:51:31] "[35m[1mGET /259 HTTP/1.1[0m" 500 -
INFO:werkzeug:127.0.0.1 - - [16/May/2023 17:51:31] "[36mGET /259?__debugger__=yes&cmd=resource&f=style.css HTTP/1.1[0m" 304 -
INFO:werkzeug:127.0.0.1 - - [16/May/2023 17:51:31] "[36mGET /259?__debugger__=yes&cmd=resource&f=debugger.js HTTP/1.1[0m" 304 -
INFO:werkzeug:127.0.0.1 - - [16/May/2023 17:51:31] "[36mGET /259?__debugger__=yes&cmd=resource&f=console.png HTTP/1.1[0m" 304 -
INFO:werkzeug:127.0.0.1 - - [16/May/2023 17:51:32] "[36mGET /259?__debugger__=yes&cmd=resource&f=console.png HTTP/1.1[0m" 304 -
INFO:werkzeug: * Detected change in 'C:\\k_digital\\SportsLight\\Python\\app.py', reloading
INFO:werkzeug: * Restarting with stat
WARNING:werkzeug: * Debugger is active!
INFO:werkzeug: * Debugger PIN: 326-603-595
INFO:werkzeug:127.0.0.1 - - [16/May/2023 17:52:05] "[35m[1mGET /259 HTTP/1.1[0m" 500 -
INFO:werkzeug:127.0.0.1 - - [16/May/2023 17:52:05] "[36mGET /259?__debugger__=yes&cmd=resource&f=style.css HTTP/1.1[0m" 304 -
INFO:werkzeug:127.0.0.1 - - [16/May/2023 17:52:05] "[36mGET /259?__debugger__=yes&cmd=resource&f=debugger.js HTTP/1.1[0m" 304 -
INFO:werkzeug:127.0.0.1 - - [16/May/2023 17:52:05] "[36mGET /259?__debugger__=yes&cmd=resource&f=console.png HTTP/1.1[0m" 304 -
INFO:werkzeug:127.0.0.1 - - [16/May/2023 17:52:05] "[36mGET /259?__debugger__=yes&cmd=resource&f=console.png HTTP/1.1[0m" 304 -
INFO:werkzeug: * Detected change in 'C:\\k_digital\\SportsLight\\Python\\app.py', reloading
INFO:werkzeug: * Restarting with stat
WARNING:werkzeug: * Debugger is active!
INFO:werkzeug: * Debugger PIN: 326-603-595
INFO:werkzeug:127.0.0.1 - - [16/May/2023 17:52:19] "GET /259 HTTP/1.1" 200 -
INFO:werkzeug:127.0.0.1 - - [16/May/2023 17:52:19] "GET /favicon.ico HTTP/1.1" 200 -
INFO:werkzeug: * Detected change in 'C:\\k_digital\\SportsLight\\Python\\app.py', reloading
INFO:werkzeug: * Restarting with stat
WARNING:werkzeug: * Debugger is active!
INFO:werkzeug: * Debugger PIN: 326-603-595
INFO:werkzeug:127.0.0.1 - - [16/May/2023 17:52:43] "GET /259 HTTP/1.1" 200 -
INFO:werkzeug:127.0.0.1 - - [16/May/2023 17:52:43] "GET /favicon.ico HTTP/1.1" 200 -
INFO:werkzeug: * Detected change in 'C:\\k_digital\\SportsLight\\Python\\app.py', reloading
INFO:werkzeug: * Restarting with stat
WARNING:werkzeug: * Debugger is active!
INFO:werkzeug: * Debugger PIN: 326-603-595
INFO:werkzeug:127.0.0.1 - - [16/May/2023 18:37:54] "GET /259 HTTP/1.1" 200 -
INFO:werkzeug:127.0.0.1 - - [16/May/2023 18:37:54] "GET /favicon.ico HTTP/1.1" 200 -
INFO:werkzeug: * Detected change in 'C:\\k_digital\\SportsLight\\Python\\app.py', reloading
INFO:werkzeug: * Restarting with stat
WARNING:werkzeug: * Debugger is active!
INFO:werkzeug: * Debugger PIN: 326-603-595
INFO:werkzeug:127.0.0.1 - - [16/May/2023 18:38:30] "[35m[1mGET /259 HTTP/1.1[0m" 500 -
INFO:werkzeug:127.0.0.1 - - [16/May/2023 18:38:30] "[36mGET /259?__debugger__=yes&cmd=resource&f=style.css HTTP/1.1[0m" 304 -
INFO:werkzeug:127.0.0.1 - - [16/May/2023 18:38:31] "[36mGET /259?__debugger__=yes&cmd=resource&f=debugger.js HTTP/1.1[0m" 304 -
INFO:werkzeug:127.0.0.1 - - [16/May/2023 18:38:31] "[36mGET /259?__debugger__=yes&cmd=resource&f=console.png HTTP/1.1[0m" 304 -
INFO:werkzeug:127.0.0.1 - - [16/May/2023 18:38:31] "[36mGET /259?__debugger__=yes&cmd=resource&f=console.png HTTP/1.1[0m" 304 -
INFO:werkzeug: * Detected change in 'C:\\k_digital\\SportsLight\\Python\\app.py', reloading
INFO:werkzeug: * Restarting with stat
WARNING:werkzeug: * Debugger is active!
INFO:werkzeug: * Debugger PIN: 326-603-595
INFO:werkzeug:127.0.0.1 - - [16/May/2023 18:38:40] "GET /259 HTTP/1.1" 200 -
INFO:werkzeug:127.0.0.1 - - [16/May/2023 18:38:40] "GET /favicon.ico HTTP/1.1" 200 -
INFO:werkzeug:127.0.0.1 - - [16/May/2023 18:39:50] "GET /2 HTTP/1.1" 200 -
INFO:werkzeug:127.0.0.1 - - [16/May/2023 18:39:50] "GET /favicon.ico HTTP/1.1" 200 -
INFO:werkzeug: * Detected change in 'C:\\k_digital\\SportsLight\\Python\\app.py', reloading
INFO:werkzeug: * Restarting with stat
WARNING:werkzeug: * Debugger is active!
INFO:werkzeug: * Debugger PIN: 326-603-595
INFO:werkzeug:127.0.0.1 - - [16/May/2023 19:07:55] "GET /2 HTTP/1.1" 200 -
INFO:werkzeug:127.0.0.1 - - [16/May/2023 19:07:55] "GET /favicon.ico HTTP/1.1" 200 -
INFO:werkzeug: * Detected change in 'C:\\k_digital\\SportsLight\\Python\\app.py', reloading
INFO:werkzeug: * Restarting with stat
WARNING:werkzeug: * Debugger is active!
INFO:werkzeug: * Debugger PIN: 326-603-595
INFO:werkzeug: * Detected change in 'C:\\k_digital\\SportsLight\\Python\\app.py', reloading
INFO:werkzeug: * Restarting with stat
WARNING:werkzeug: * Debugger is active!
INFO:werkzeug: * Debugger PIN: 326-603-595
INFO:werkzeug:127.0.0.1 - - [16/May/2023 19:08:56] "[35m[1mGET /2 HTTP/1.1[0m" 500 -
INFO:werkzeug:127.0.0.1 - - [16/May/2023 19:08:56] "GET /2?__debugger__=yes&cmd=resource&f=style.css HTTP/1.1" 200 -
INFO:werkzeug:127.0.0.1 - - [16/May/2023 19:08:57] "GET /2?__debugger__=yes&cmd=resource&f=debugger.js HTTP/1.1" 200 -
INFO:werkzeug:127.0.0.1 - - [16/May/2023 19:08:57] "GET /2?__debugger__=yes&cmd=resource&f=console.png HTTP/1.1" 200 -
INFO:werkzeug:127.0.0.1 - - [16/May/2023 19:08:57] "[36mGET /2?__debugger__=yes&cmd=resource&f=console.png HTTP/1.1[0m" 304 -
INFO:werkzeug: * Detected change in 'C:\\k_digital\\SportsLight\\Python\\app.py', reloading
INFO:werkzeug: * Restarting with stat
WARNING:werkzeug: * Debugger is active!
INFO:werkzeug: * Debugger PIN: 326-603-595
INFO:werkzeug:127.0.0.1 - - [16/May/2023 19:11:40] "GET /2 HTTP/1.1" 200 -
INFO:werkzeug:127.0.0.1 - - [16/May/2023 19:11:40] "GET /favicon.ico HTTP/1.1" 200 -
INFO:werkzeug:127.0.0.1 - - [16/May/2023 19:13:34] "GET /2 HTTP/1.1" 200 -
INFO:werkzeug: * Detected change in 'C:\\k_digital\\SportsLight\\Python\\app.py', reloading
INFO:werkzeug: * Restarting with stat
WARNING:werkzeug: * Debugger is active!
INFO:werkzeug: * Debugger PIN: 326-603-595
INFO:werkzeug:127.0.0.1 - - [16/May/2023 19:16:36] "[35m[1mGET /2 HTTP/1.1[0m" 500 -
INFO:werkzeug: * Detected change in 'C:\\k_digital\\SportsLight\\Python\\app.py', reloading
INFO:werkzeug: * Restarting with stat
WARNING:werkzeug: * Debugger is active!
INFO:werkzeug: * Debugger PIN: 326-603-595
INFO:werkzeug:127.0.0.1 - - [16/May/2023 19:17:33] "[35m[1mGET /2 HTTP/1.1[0m" 500 -
INFO:werkzeug:127.0.0.1 - - [16/May/2023 19:18:22] "[35m[1mGET /2 HTTP/1.1[0m" 500 -
INFO:werkzeug:127.0.0.1 - - [16/May/2023 19:18:22] "[36mGET /2?__debugger__=yes&cmd=resource&f=style.css HTTP/1.1[0m" 304 -
INFO:werkzeug:127.0.0.1 - - [16/May/2023 19:18:22] "[36mGET /2?__debugger__=yes&cmd=resource&f=debugger.js HTTP/1.1[0m" 304 -
INFO:werkzeug:127.0.0.1 - - [16/May/2023 19:18:22] "[36mGET /2?__debugger__=yes&cmd=resource&f=console.png HTTP/1.1[0m" 304 -
INFO:werkzeug:127.0.0.1 - - [16/May/2023 19:18:22] "[36mGET /2?__debugger__=yes&cmd=resource&f=console.png HTTP/1.1[0m" 304 -
INFO:werkzeug: * Detected change in 'C:\\k_digital\\SportsLight\\Python\\app.py', reloading
INFO:werkzeug: * Restarting with stat
WARNING:werkzeug: * Debugger is active!
INFO:werkzeug: * Debugger PIN: 326-603-595
INFO:werkzeug:127.0.0.1 - - [16/May/2023 19:18:45] "GET /2 HTTP/1.1" 200 -
INFO:werkzeug:127.0.0.1 - - [16/May/2023 19:18:45] "GET /favicon.ico HTTP/1.1" 200 -
INFO:werkzeug: * Detected change in 'C:\\k_digital\\SportsLight\\Python\\app.py', reloading
INFO:werkzeug: * Restarting with stat
WARNING:werkzeug: * Debugger is active!
INFO:werkzeug: * Debugger PIN: 326-603-595
INFO:werkzeug:127.0.0.1 - - [16/May/2023 19:19:09] "GET /2 HTTP/1.1" 200 -
INFO:werkzeug:127.0.0.1 - - [16/May/2023 19:19:09] "[35m[1mGET /favicon.ico HTTP/1.1[0m" 500 -
INFO:werkzeug: * Detected change in 'C:\\k_digital\\SportsLight\\Python\\app.py', reloading
INFO:werkzeug: * Restarting with stat
WARNING:werkzeug: * Debugger is active!
INFO:werkzeug: * Debugger PIN: 326-603-595
INFO:werkzeug:127.0.0.1 - - [16/May/2023 19:19:18] "GET /2 HTTP/1.1" 200 -
INFO:werkzeug:127.0.0.1 - - [16/May/2023 19:19:18] "[35m[1mGET /favicon.ico HTTP/1.1[0m" 500 -
INFO:werkzeug: * Detected change in 'C:\\k_digital\\SportsLight\\Python\\app.py', reloading
INFO:werkzeug: * Restarting with stat
WARNING:werkzeug: * Debugger is active!
INFO:werkzeug: * Debugger PIN: 326-603-595
INFO:werkzeug:127.0.0.1 - - [16/May/2023 19:20:15] "GET /2 HTTP/1.1" 200 -
INFO:werkzeug:127.0.0.1 - - [16/May/2023 19:20:15] "[35m[1mGET /favicon.ico HTTP/1.1[0m" 500 -
INFO:werkzeug: * Detected change in 'C:\\k_digital\\SportsLight\\Python\\app.py', reloading
INFO:werkzeug: * Restarting with stat
WARNING:werkzeug: * Debugger is active!
INFO:werkzeug: * Debugger PIN: 326-603-595
INFO:werkzeug: * Detected change in 'C:\\k_digital\\SportsLight\\Python\\app.py', reloading
INFO:werkzeug: * Restarting with stat
WARNING:werkzeug: * Debugger is active!
INFO:werkzeug: * Debugger PIN: 326-603-595
INFO:werkzeug:127.0.0.1 - - [16/May/2023 20:29:58] "[35m[1mGET /2 HTTP/1.1[0m" 500 -
INFO:werkzeug:127.0.0.1 - - [16/May/2023 20:30:28] "[35m[1mGET /1 HTTP/1.1[0m" 500 -
INFO:werkzeug:127.0.0.1 - - [16/May/2023 20:30:29] "GET /1?__debugger__=yes&cmd=resource&f=style.css HTTP/1.1" 200 -
INFO:werkzeug:127.0.0.1 - - [16/May/2023 20:30:29] "GET /1?__debugger__=yes&cmd=resource&f=debugger.js HTTP/1.1" 200 -
INFO:werkzeug:127.0.0.1 - - [16/May/2023 20:30:29] "GET /1?__debugger__=yes&cmd=resource&f=console.png HTTP/1.1" 200 -
INFO:werkzeug:127.0.0.1 - - [16/May/2023 20:30:29] "[36mGET /1?__debugger__=yes&cmd=resource&f=console.png HTTP/1.1[0m" 304 -
INFO:werkzeug: * Detected change in 'C:\\k_digital\\SportsLight\\Python\\app.py', reloading
INFO:werkzeug: * Restarting with stat
WARNING:werkzeug: * Debugger is active!
INFO:werkzeug: * Debugger PIN: 326-603-595
INFO:werkzeug:127.0.0.1 - - [16/May/2023 20:32:17] "GET /2 HTTP/1.1" 200 -
INFO:werkzeug: * Detected change in 'C:\\k_digital\\SportsLight\\Python\\app.py', reloading
INFO:werkzeug: * Restarting with stat
WARNING:werkzeug: * Debugger is active!
INFO:werkzeug: * Debugger PIN: 326-603-595
INFO:werkzeug:127.0.0.1 - - [16/May/2023 20:32:31] "GET /2 HTTP/1.1" 200 -
INFO:werkzeug: * Detected change in 'C:\\k_digital\\SportsLight\\Python\\app.py', reloading
INFO:werkzeug: * Restarting with stat
WARNING:werkzeug: * Debugger is active!
INFO:werkzeug: * Debugger PIN: 326-603-595
INFO:werkzeug:127.0.0.1 - - [16/May/2023 20:32:48] "[35m[1mGET /2 HTTP/1.1[0m" 500 -
INFO:werkzeug: * Detected change in 'C:\\k_digital\\SportsLight\\Python\\app.py', reloading
INFO:werkzeug: * Restarting with stat
WARNING:werkzeug: * Debugger is active!
INFO:werkzeug: * Debugger PIN: 326-603-595
INFO:werkzeug:127.0.0.1 - - [16/May/2023 20:33:06] "GET /2 HTTP/1.1" 200 -
INFO:werkzeug: * Detected change in 'C:\\k_digital\\SportsLight\\Python\\app.py', reloading
INFO:werkzeug: * Restarting with stat
WARNING:werkzeug: * Debugger is active!
INFO:werkzeug: * Debugger PIN: 326-603-595
INFO:werkzeug:127.0.0.1 - - [16/May/2023 20:33:24] "GET /2 HTTP/1.1" 200 -
INFO:werkzeug: * Detected change in 'C:\\k_digital\\SportsLight\\Python\\app.py', reloading
INFO:werkzeug: * Restarting with stat
WARNING:werkzeug: * Debugger is active!
INFO:werkzeug: * Debugger PIN: 326-603-595
INFO:werkzeug:127.0.0.1 - - [16/May/2023 20:35:18] "GET /2 HTTP/1.1" 200 -
INFO:werkzeug: * Detected change in 'C:\\k_digital\\SportsLight\\Python\\app.py', reloading
INFO:werkzeug: * Restarting with stat
WARNING:werkzeug: * Debugger is active!
INFO:werkzeug: * Debugger PIN: 326-603-595
INFO:werkzeug:127.0.0.1 - - [16/May/2023 20:35:48] "[35m[1mGET /2 HTTP/1.1[0m" 500 -
INFO:werkzeug: * Detected change in 'C:\\k_digital\\SportsLight\\Python\\app.py', reloading
INFO:werkzeug: * Restarting with stat
WARNING:werkzeug: * Debugger is active!
INFO:werkzeug: * Debugger PIN: 326-603-595
INFO:werkzeug:127.0.0.1 - - [16/May/2023 20:41:17] "GET /2 HTTP/1.1" 200 -
INFO:werkzeug: * Detected change in 'C:\\k_digital\\SportsLight\\Python\\app.py', reloading
INFO:werkzeug: * Restarting with stat
WARNING:werkzeug: * Debugger is active!
INFO:werkzeug: * Debugger PIN: 326-603-595
INFO:werkzeug: * Detected change in 'C:\\k_digital\\SportsLight\\Python\\app.py', reloading
INFO:werkzeug: * Restarting with stat
WARNING:werkzeug: * Debugger is active!
INFO:werkzeug: * Debugger PIN: 326-603-595
INFO:werkzeug:127.0.0.1 - - [16/May/2023 20:42:47] "[35m[1mGET /2 HTTP/1.1[0m" 500 -
INFO:werkzeug:127.0.0.1 - - [16/May/2023 20:43:00] "[35m[1mGET /1 HTTP/1.1[0m" 500 -
INFO:werkzeug:127.0.0.1 - - [16/May/2023 20:43:00] "[36mGET /1?__debugger__=yes&cmd=resource&f=debugger.js HTTP/1.1[0m" 304 -
INFO:werkzeug:127.0.0.1 - - [16/May/2023 20:43:00] "[36mGET /1?__debugger__=yes&cmd=resource&f=style.css HTTP/1.1[0m" 304 -
INFO:werkzeug:127.0.0.1 - - [16/May/2023 20:43:00] "[36mGET /1?__debugger__=yes&cmd=resource&f=console.png HTTP/1.1[0m" 304 -
INFO:werkzeug:127.0.0.1 - - [16/May/2023 20:43:00] "[36mGET /1?__debugger__=yes&cmd=resource&f=console.png HTTP/1.1[0m" 304 -
INFO:werkzeug: * Detected change in 'C:\\k_digital\\SportsLight\\Python\\app.py', reloading
INFO:werkzeug: * Restarting with stat
WARNING:werkzeug: * Debugger is active!
INFO:werkzeug: * Debugger PIN: 326-603-595
INFO:werkzeug:127.0.0.1 - - [16/May/2023 20:44:15] "[35m[1mGET /1 HTTP/1.1[0m" 500 -
INFO:werkzeug:127.0.0.1 - - [16/May/2023 20:44:15] "[36mGET /1?__debugger__=yes&cmd=resource&f=style.css HTTP/1.1[0m" 304 -
INFO:werkzeug:127.0.0.1 - - [16/May/2023 20:44:15] "[36mGET /1?__debugger__=yes&cmd=resource&f=debugger.js HTTP/1.1[0m" 304 -
INFO:werkzeug:127.0.0.1 - - [16/May/2023 20:44:15] "[36mGET /1?__debugger__=yes&cmd=resource&f=console.png HTTP/1.1[0m" 304 -
INFO:werkzeug:127.0.0.1 - - [16/May/2023 20:44:16] "[36mGET /1?__debugger__=yes&cmd=resource&f=console.png HTTP/1.1[0m" 304 -
INFO:werkzeug: * Detected change in 'C:\\k_digital\\SportsLight\\Python\\app.py', reloading
INFO:werkzeug: * Restarting with stat
WARNING:werkzeug: * Debugger is active!
INFO:werkzeug: * Debugger PIN: 326-603-595
INFO:werkzeug: * Detected change in 'C:\\k_digital\\SportsLight\\Python\\app.py', reloading
INFO:werkzeug: * Restarting with stat
WARNING:werkzeug: * Debugger is active!
INFO:werkzeug: * Debugger PIN: 326-603-595
INFO:werkzeug:127.0.0.1 - - [16/May/2023 20:50:24] "[35m[1mGET /1 HTTP/1.1[0m" 500 -
INFO:werkzeug:127.0.0.1 - - [16/May/2023 20:50:24] "[36mGET /1?__debugger__=yes&cmd=resource&f=style.css HTTP/1.1[0m" 304 -
INFO:werkzeug:127.0.0.1 - - [16/May/2023 20:50:24] "[36mGET /1?__debugger__=yes&cmd=resource&f=debugger.js HTTP/1.1[0m" 304 -
INFO:werkzeug:127.0.0.1 - - [16/May/2023 20:50:25] "[36mGET /1?__debugger__=yes&cmd=resource&f=console.png HTTP/1.1[0m" 304 -
INFO:werkzeug:127.0.0.1 - - [16/May/2023 20:50:25] "[36mGET /1?__debugger__=yes&cmd=resource&f=console.png HTTP/1.1[0m" 304 -
INFO:werkzeug: * Detected change in 'C:\\k_digital\\SportsLight\\Python\\app.py', reloading
INFO:werkzeug: * Restarting with stat
WARNING:werkzeug: * Debugger is active!
INFO:werkzeug: * Debugger PIN: 326-603-595
INFO:werkzeug:127.0.0.1 - - [16/May/2023 20:53:38] "[35m[1mGET /1 HTTP/1.1[0m" 500 -
INFO:werkzeug:127.0.0.1 - - [16/May/2023 20:53:38] "[36mGET /1?__debugger__=yes&cmd=resource&f=debugger.js HTTP/1.1[0m" 304 -
INFO:werkzeug:127.0.0.1 - - [16/May/2023 20:53:38] "[36mGET /1?__debugger__=yes&cmd=resource&f=style.css HTTP/1.1[0m" 304 -
INFO:werkzeug:127.0.0.1 - - [16/May/2023 20:53:38] "[36mGET /1?__debugger__=yes&cmd=resource&f=console.png HTTP/1.1[0m" 304 -
INFO:werkzeug:127.0.0.1 - - [16/May/2023 20:53:38] "[36mGET /1?__debugger__=yes&cmd=resource&f=console.png HTTP/1.1[0m" 304 -
INFO:werkzeug: * Detected change in 'C:\\k_digital\\SportsLight\\Python\\app.py', reloading
INFO:werkzeug: * Restarting with stat
WARNING:werkzeug: * Debugger is active!
INFO:werkzeug: * Debugger PIN: 326-603-595
INFO:werkzeug:127.0.0.1 - - [16/May/2023 20:58:25] "[35m[1mGET /2 HTTP/1.1[0m" 500 -
INFO:werkzeug: * Detected change in 'C:\\k_digital\\SportsLight\\Python\\app.py', reloading
INFO:werkzeug: * Restarting with stat
WARNING:werkzeug: * Debugger is active!
INFO:werkzeug: * Debugger PIN: 326-603-595
INFO:werkzeug:127.0.0.1 - - [16/May/2023 20:58:41] "[35m[1mGET /1 HTTP/1.1[0m" 500 -
INFO:werkzeug:127.0.0.1 - - [16/May/2023 20:58:41] "[36mGET /1?__debugger__=yes&cmd=resource&f=style.css HTTP/1.1[0m" 304 -
INFO:werkzeug:127.0.0.1 - - [16/May/2023 20:58:41] "[36mGET /1?__debugger__=yes&cmd=resource&f=debugger.js HTTP/1.1[0m" 304 -
INFO:werkzeug:127.0.0.1 - - [16/May/2023 20:58:42] "[36mGET /1?__debugger__=yes&cmd=resource&f=console.png HTTP/1.1[0m" 304 -
INFO:werkzeug:127.0.0.1 - - [16/May/2023 20:58:42] "[36mGET /1?__debugger__=yes&cmd=resource&f=console.png HTTP/1.1[0m" 304 -
INFO:werkzeug: * Detected change in 'C:\\k_digital\\SportsLight\\Python\\app.py', reloading
INFO:werkzeug: * Restarting with stat
WARNING:werkzeug: * Debugger is active!
INFO:werkzeug: * Debugger PIN: 326-603-595
INFO:werkzeug: * Detected change in 'C:\\k_digital\\SportsLight\\Python\\app.py', reloading
INFO:werkzeug: * Restarting with stat
WARNING:werkzeug: * Debugger is active!
INFO:werkzeug: * Debugger PIN: 326-603-595
INFO:werkzeug:127.0.0.1 - - [16/May/2023 21:00:38] "GET /2 HTTP/1.1" 200 -
INFO:werkzeug: * Detected change in 'C:\\k_digital\\SportsLight\\Python\\app.py', reloading
INFO:werkzeug: * Restarting with stat
WARNING:werkzeug: * Debugger is active!
INFO:werkzeug: * Debugger PIN: 326-603-595
INFO:werkzeug:127.0.0.1 - - [16/May/2023 21:02:37] "[35m[1mGET /2 HTTP/1.1[0m" 500 -
INFO:werkzeug:127.0.0.1 - - [16/May/2023 21:02:44] "[35m[1mGET /1 HTTP/1.1[0m" 500 -
INFO:werkzeug:127.0.0.1 - - [16/May/2023 21:02:44] "[36mGET /1?__debugger__=yes&cmd=resource&f=style.css HTTP/1.1[0m" 304 -
INFO:werkzeug:127.0.0.1 - - [16/May/2023 21:02:44] "[36mGET /1?__debugger__=yes&cmd=resource&f=debugger.js HTTP/1.1[0m" 304 -
INFO:werkzeug:127.0.0.1 - - [16/May/2023 21:02:45] "[36mGET /1?__debugger__=yes&cmd=resource&f=console.png HTTP/1.1[0m" 304 -
INFO:werkzeug:127.0.0.1 - - [16/May/2023 21:02:45] "[36mGET /1?__debugger__=yes&cmd=resource&f=console.png HTTP/1.1[0m" 304 -
INFO:werkzeug: * Detected change in 'C:\\k_digital\\SportsLight\\Python\\app.py', reloading
INFO:werkzeug: * Restarting with stat
WARNING:werkzeug: * Debugger is active!
INFO:werkzeug: * Debugger PIN: 326-603-595
INFO:werkzeug:127.0.0.1 - - [16/May/2023 21:05:50] "[35m[1mGET /2 HTTP/1.1[0m" 500 -
INFO:werkzeug:127.0.0.1 - - [16/May/2023 21:05:58] "[35m[1mGET /1 HTTP/1.1[0m" 500 -
INFO:werkzeug:127.0.0.1 - - [16/May/2023 21:05:58] "[36mGET /1?__debugger__=yes&cmd=resource&f=style.css HTTP/1.1[0m" 304 -
INFO:werkzeug:127.0.0.1 - - [16/May/2023 21:05:59] "[36mGET /1?__debugger__=yes&cmd=resource&f=debugger.js HTTP/1.1[0m" 304 -
INFO:werkzeug:127.0.0.1 - - [16/May/2023 21:05:59] "[36mGET /1?__debugger__=yes&cmd=resource&f=console.png HTTP/1.1[0m" 304 -
INFO:werkzeug:127.0.0.1 - - [16/May/2023 21:05:59] "[36mGET /1?__debugger__=yes&cmd=resource&f=console.png HTTP/1.1[0m" 304 -
INFO:werkzeug: * Detected change in 'C:\\k_digital\\SportsLight\\Python\\app.py', reloading
INFO:werkzeug: * Restarting with stat
WARNING:werkzeug: * Debugger is active!
INFO:werkzeug: * Debugger PIN: 326-603-595
INFO:werkzeug:127.0.0.1 - - [16/May/2023 21:06:16] "[35m[1mGET /1 HTTP/1.1[0m" 500 -
INFO:werkzeug:127.0.0.1 - - [16/May/2023 21:06:16] "[36mGET /1?__debugger__=yes&cmd=resource&f=style.css HTTP/1.1[0m" 304 -
INFO:werkzeug:127.0.0.1 - - [16/May/2023 21:06:16] "[36mGET /1?__debugger__=yes&cmd=resource&f=debugger.js HTTP/1.1[0m" 304 -
INFO:werkzeug:127.0.0.1 - - [16/May/2023 21:06:17] "[36mGET /1?__debugger__=yes&cmd=resource&f=console.png HTTP/1.1[0m" 304 -
INFO:werkzeug:127.0.0.1 - - [16/May/2023 21:06:17] "[36mGET /1?__debugger__=yes&cmd=resource&f=console.png HTTP/1.1[0m" 304 -
INFO:werkzeug: * Detected change in 'C:\\k_digital\\SportsLight\\Python\\app.py', reloading
INFO:werkzeug: * Restarting with stat
WARNING:werkzeug: * Debugger is active!
INFO:werkzeug: * Debugger PIN: 326-603-595
INFO:werkzeug:127.0.0.1 - - [16/May/2023 21:07:01] "GET /1 HTTP/1.1" 200 -
INFO:werkzeug:127.0.0.1 - - [16/May/2023 21:07:01] "GET /favicon.ico HTTP/1.1" 200 -
INFO:werkzeug:127.0.0.1 - - [16/May/2023 21:07:24] "GET /2 HTTP/1.1" 200 -
INFO:werkzeug: * Detected change in 'C:\\k_digital\\SportsLight\\Python\\app.py', reloading
INFO:werkzeug: * Restarting with stat
WARNING:werkzeug: * Debugger is active!
INFO:werkzeug: * Debugger PIN: 326-603-595
INFO:werkzeug:127.0.0.1 - - [16/May/2023 21:08:45] "GET /1 HTTP/1.1" 200 -
INFO:werkzeug:127.0.0.1 - - [16/May/2023 21:08:45] "GET /favicon.ico HTTP/1.1" 200 -
INFO:werkzeug: * Detected change in 'C:\\k_digital\\SportsLight\\Python\\app.py', reloading
INFO:werkzeug: * Restarting with stat
WARNING:werkzeug: * Debugger is active!
INFO:werkzeug: * Debugger PIN: 326-603-595
INFO:werkzeug:127.0.0.1 - - [16/May/2023 21:09:10] "GET /2 HTTP/1.1" 200 -
INFO:werkzeug: * Detected change in 'C:\\k_digital\\SportsLight\\Python\\app.py', reloading
INFO:werkzeug: * Restarting with stat
WARNING:werkzeug: * Debugger is active!
INFO:werkzeug: * Debugger PIN: 326-603-595
INFO:werkzeug: * Detected change in 'C:\\k_digital\\SportsLight\\Python\\app.py', reloading
INFO:werkzeug: * Restarting with stat
WARNING:werkzeug: * Debugger is active!
INFO:werkzeug: * Debugger PIN: 326-603-595
INFO:werkzeug:127.0.0.1 - - [16/May/2023 21:10:45] "GET /1 HTTP/1.1" 200 -
INFO:werkzeug:127.0.0.1 - - [16/May/2023 21:10:45] "GET /favicon.ico HTTP/1.1" 200 -
INFO:werkzeug: * Detected change in 'C:\\k_digital\\SportsLight\\Python\\app.py', reloading
INFO:werkzeug: * Restarting with stat
WARNING:werkzeug: * Debugger is active!
INFO:werkzeug: * Debugger PIN: 326-603-595
INFO:werkzeug:127.0.0.1 - - [16/May/2023 21:11:36] "GET /1 HTTP/1.1" 200 -
INFO:werkzeug:127.0.0.1 - - [16/May/2023 21:11:36] "GET /favicon.ico HTTP/1.1" 200 -
INFO:werkzeug:127.0.0.1 - - [16/May/2023 21:12:12] "GET /1 HTTP/1.1" 200 -
INFO:werkzeug:127.0.0.1 - - [16/May/2023 21:12:12] "GET /favicon.ico HTTP/1.1" 200 -
INFO:werkzeug: * Detected change in 'C:\\k_digital\\SportsLight\\Python\\app.py', reloading
INFO:werkzeug: * Restarting with stat
WARNING:werkzeug: * Debugger is active!
INFO:werkzeug: * Debugger PIN: 326-603-595
INFO:werkzeug:127.0.0.1 - - [16/May/2023 21:12:35] "GET /1 HTTP/1.1" 200 -
INFO:werkzeug:127.0.0.1 - - [16/May/2023 21:12:35] "GET /favicon.ico HTTP/1.1" 200 -
INFO:werkzeug: * Detected change in 'C:\\k_digital\\SportsLight\\Python\\app.py', reloading
INFO:werkzeug: * Restarting with stat
WARNING:werkzeug: * Debugger is active!
INFO:werkzeug: * Debugger PIN: 326-603-595
INFO:werkzeug:127.0.0.1 - - [16/May/2023 21:13:16] "GET /1 HTTP/1.1" 200 -
INFO:werkzeug:127.0.0.1 - - [16/May/2023 21:13:16] "GET /favicon.ico HTTP/1.1" 200 -
INFO:werkzeug:127.0.0.1 - - [16/May/2023 21:14:04] "GET /2 HTTP/1.1" 200 -
INFO:werkzeug: * Detected change in 'C:\\k_digital\\SportsLight\\Python\\app.py', reloading
INFO:werkzeug: * Restarting with stat
WARNING:werkzeug: * Debugger is active!
INFO:werkzeug: * Debugger PIN: 326-603-595
INFO:werkzeug:127.0.0.1 - - [16/May/2023 21:16:14] "GET /1 HTTP/1.1" 200 -
INFO:werkzeug:127.0.0.1 - - [16/May/2023 21:16:14] "GET /favicon.ico HTTP/1.1" 200 -
INFO:werkzeug: * Detected change in 'C:\\k_digital\\SportsLight\\Python\\app.py', reloading
INFO:werkzeug: * Restarting with stat
WARNING:werkzeug: * Debugger is active!
INFO:werkzeug: * Debugger PIN: 326-603-595
INFO:werkzeug:127.0.0.1 - - [16/May/2023 21:17:04] "GET /1 HTTP/1.1" 200 -
INFO:werkzeug:127.0.0.1 - - [16/May/2023 21:17:04] "GET /favicon.ico HTTP/1.1" 200 -
INFO:werkzeug: * Detected change in 'C:\\k_digital\\SportsLight\\Python\\app.py', reloading
INFO:werkzeug: * Restarting with stat
WARNING:werkzeug: * Debugger is active!
INFO:werkzeug: * Debugger PIN: 326-603-595
INFO:werkzeug: * Detected change in 'C:\\k_digital\\SportsLight\\Python\\app.py', reloading
INFO:werkzeug: * Restarting with stat
WARNING:werkzeug: * Debugger is active!
INFO:werkzeug: * Debugger PIN: 326-603-595
INFO:werkzeug:127.0.0.1 - - [16/May/2023 21:18:07] "GET /1 HTTP/1.1" 200 -
INFO:werkzeug:127.0.0.1 - - [16/May/2023 21:18:07] "GET /favicon.ico HTTP/1.1" 200 -
INFO:werkzeug: * Detected change in 'C:\\k_digital\\SportsLight\\Python\\app.py', reloading
INFO:werkzeug: * Restarting with stat
WARNING:werkzeug: * Debugger is active!
INFO:werkzeug: * Debugger PIN: 326-603-595
INFO:werkzeug: * Detected change in 'C:\\k_digital\\SportsLight\\Python\\app.py', reloading
INFO:werkzeug: * Restarting with stat
WARNING:werkzeug: * Debugger is active!
INFO:werkzeug: * Debugger PIN: 326-603-595
INFO:werkzeug:127.0.0.1 - - [16/May/2023 21:21:32] "[35m[1mGET /1 HTTP/1.1[0m" 500 -
INFO:werkzeug:127.0.0.1 - - [16/May/2023 21:21:32] "[36mGET /1?__debugger__=yes&cmd=resource&f=style.css HTTP/1.1[0m" 304 -
INFO:werkzeug:127.0.0.1 - - [16/May/2023 21:21:32] "[36mGET /1?__debugger__=yes&cmd=resource&f=debugger.js HTTP/1.1[0m" 304 -
INFO:werkzeug:127.0.0.1 - - [16/May/2023 21:21:32] "[36mGET /1?__debugger__=yes&cmd=resource&f=console.png HTTP/1.1[0m" 304 -
INFO:werkzeug:127.0.0.1 - - [16/May/2023 21:21:33] "[36mGET /1?__debugger__=yes&cmd=resource&f=console.png HTTP/1.1[0m" 304 -
INFO:werkzeug: * Detected change in 'C:\\k_digital\\SportsLight\\Python\\app.py', reloading
INFO:werkzeug: * Restarting with stat
WARNING:werkzeug: * Debugger is active!
INFO:werkzeug: * Debugger PIN: 326-603-595
INFO:werkzeug:127.0.0.1 - - [16/May/2023 21:21:59] "[35m[1mGET /1 HTTP/1.1[0m" 500 -
INFO:werkzeug:127.0.0.1 - - [16/May/2023 21:21:59] "[36mGET /1?__debugger__=yes&cmd=resource&f=style.css HTTP/1.1[0m" 304 -
INFO:werkzeug:127.0.0.1 - - [16/May/2023 21:21:59] "[36mGET /1?__debugger__=yes&cmd=resource&f=debugger.js HTTP/1.1[0m" 304 -
INFO:werkzeug:127.0.0.1 - - [16/May/2023 21:22:00] "[36mGET /1?__debugger__=yes&cmd=resource&f=console.png HTTP/1.1[0m" 304 -
INFO:werkzeug:127.0.0.1 - - [16/May/2023 21:22:00] "[36mGET /1?__debugger__=yes&cmd=resource&f=console.png HTTP/1.1[0m" 304 -
INFO:werkzeug: * Detected change in 'C:\\k_digital\\SportsLight\\Python\\app.py', reloading
INFO:werkzeug: * Restarting with stat
WARNING:werkzeug: * Debugger is active!
INFO:werkzeug: * Debugger PIN: 326-603-595
INFO:werkzeug:127.0.0.1 - - [16/May/2023 21:22:15] "GET /1 HTTP/1.1" 200 -
INFO:werkzeug:127.0.0.1 - - [16/May/2023 21:22:16] "GET /favicon.ico HTTP/1.1" 200 -
INFO:werkzeug: * Detected change in 'C:\\k_digital\\SportsLight\\Python\\app.py', reloading
INFO:werkzeug: * Restarting with stat
WARNING:werkzeug: * Debugger is active!
INFO:werkzeug: * Debugger PIN: 326-603-595
INFO:werkzeug:127.0.0.1 - - [16/May/2023 21:22:24] "GET /1 HTTP/1.1" 200 -
INFO:werkzeug:127.0.0.1 - - [16/May/2023 21:22:24] "GET /favicon.ico HTTP/1.1" 200 -
INFO:werkzeug: * Detected change in 'C:\\k_digital\\SportsLight\\Python\\app.py', reloading
INFO:werkzeug: * Restarting with stat
WARNING:werkzeug: * Debugger is active!
INFO:werkzeug: * Debugger PIN: 326-603-595
INFO:werkzeug:127.0.0.1 - - [16/May/2023 21:26:11] "GET /1 HTTP/1.1" 200 -
INFO:werkzeug:127.0.0.1 - - [16/May/2023 21:26:11] "[35m[1mGET /favicon.ico HTTP/1.1[0m" 500 -
INFO:werkzeug:127.0.0.1 - - [16/May/2023 21:26:20] "GET /569 HTTP/1.1" 200 -
INFO:werkzeug:127.0.0.1 - - [16/May/2023 21:26:21] "[35m[1mGET /favicon.ico HTTP/1.1[0m" 500 -
INFO:werkzeug:127.0.0.1 - - [16/May/2023 21:26:25] "GET /1452 HTTP/1.1" 200 -
INFO:werkzeug:127.0.0.1 - - [16/May/2023 21:26:26] "[35m[1mGET /favicon.ico HTTP/1.1[0m" 500 -
INFO:werkzeug:[31m[1mWARNING: This is a development server. Do not use it in a production deployment. Use a production WSGI server instead.[0m
 * Running on http://127.0.0.1:5000
INFO:werkzeug:[33mPress CTRL+C to quit[0m
INFO:werkzeug:127.0.0.1 - - [17/May/2023 09:13:24] "GET /1 HTTP/1.1" 200 -
ERROR:app:Exception on /favicon.ico [GET]
Traceback (most recent call last):
  File "C:\k_digital\SportsLight\Python\env\Lib\site-packages\flask\app.py", line 2190, in wsgi_app
    response = self.full_dispatch_request()
               ^^^^^^^^^^^^^^^^^^^^^^^^^^^^
  File "C:\k_digital\SportsLight\Python\env\Lib\site-packages\flask\app.py", line 1486, in full_dispatch_request
    rv = self.handle_user_exception(e)
         ^^^^^^^^^^^^^^^^^^^^^^^^^^^^^
  File "C:\k_digital\SportsLight\Python\env\Lib\site-packages\flask\app.py", line 1484, in full_dispatch_request
    rv = self.dispatch_request()
         ^^^^^^^^^^^^^^^^^^^^^^^
  File "C:\k_digital\SportsLight\Python\env\Lib\site-packages\flask\app.py", line 1469, in dispatch_request
    return self.ensure_sync(self.view_functions[rule.endpoint])(**view_args)
           ^^^^^^^^^^^^^^^^^^^^^^^^^^^^^^^^^^^^^^^^^^^^^^^^^^^^^^^^^^^^^^^^^
  File "C:\k_digital\SportsLight\Python\app.py", line 65, in index
    return get_recommendations(int(searchNum))
                               ^^^^^^^^^^^^^^
ValueError: invalid literal for int() with base 10: 'favicon.ico'
INFO:werkzeug:127.0.0.1 - - [17/May/2023 09:13:25] "[35m[1mGET /favicon.ico HTTP/1.1[0m" 500 -
INFO:werkzeug:127.0.0.1 - - [17/May/2023 09:13:29] "GET /5 HTTP/1.1" 200 -
ERROR:app:Exception on /favicon.ico [GET]
Traceback (most recent call last):
  File "C:\k_digital\SportsLight\Python\env\Lib\site-packages\flask\app.py", line 2190, in wsgi_app
    response = self.full_dispatch_request()
               ^^^^^^^^^^^^^^^^^^^^^^^^^^^^
  File "C:\k_digital\SportsLight\Python\env\Lib\site-packages\flask\app.py", line 1486, in full_dispatch_request
    rv = self.handle_user_exception(e)
         ^^^^^^^^^^^^^^^^^^^^^^^^^^^^^
  File "C:\k_digital\SportsLight\Python\env\Lib\site-packages\flask\app.py", line 1484, in full_dispatch_request
    rv = self.dispatch_request()
         ^^^^^^^^^^^^^^^^^^^^^^^
  File "C:\k_digital\SportsLight\Python\env\Lib\site-packages\flask\app.py", line 1469, in dispatch_request
    return self.ensure_sync(self.view_functions[rule.endpoint])(**view_args)
           ^^^^^^^^^^^^^^^^^^^^^^^^^^^^^^^^^^^^^^^^^^^^^^^^^^^^^^^^^^^^^^^^^
  File "C:\k_digital\SportsLight\Python\app.py", line 65, in index
    return get_recommendations(int(searchNum))
                               ^^^^^^^^^^^^^^
ValueError: invalid literal for int() with base 10: 'favicon.ico'
INFO:werkzeug:127.0.0.1 - - [17/May/2023 09:13:29] "[35m[1mGET /favicon.ico HTTP/1.1[0m" 500 -
INFO:werkzeug:127.0.0.1 - - [17/May/2023 09:13:33] "GET /836 HTTP/1.1" 200 -
ERROR:app:Exception on /favicon.ico [GET]
Traceback (most recent call last):
  File "C:\k_digital\SportsLight\Python\env\Lib\site-packages\flask\app.py", line 2190, in wsgi_app
    response = self.full_dispatch_request()
               ^^^^^^^^^^^^^^^^^^^^^^^^^^^^
  File "C:\k_digital\SportsLight\Python\env\Lib\site-packages\flask\app.py", line 1486, in full_dispatch_request
    rv = self.handle_user_exception(e)
         ^^^^^^^^^^^^^^^^^^^^^^^^^^^^^
  File "C:\k_digital\SportsLight\Python\env\Lib\site-packages\flask\app.py", line 1484, in full_dispatch_request
    rv = self.dispatch_request()
         ^^^^^^^^^^^^^^^^^^^^^^^
  File "C:\k_digital\SportsLight\Python\env\Lib\site-packages\flask\app.py", line 1469, in dispatch_request
    return self.ensure_sync(self.view_functions[rule.endpoint])(**view_args)
           ^^^^^^^^^^^^^^^^^^^^^^^^^^^^^^^^^^^^^^^^^^^^^^^^^^^^^^^^^^^^^^^^^
  File "C:\k_digital\SportsLight\Python\app.py", line 65, in index
    return get_recommendations(int(searchNum))
                               ^^^^^^^^^^^^^^
ValueError: invalid literal for int() with base 10: 'favicon.ico'
INFO:werkzeug:127.0.0.1 - - [17/May/2023 09:13:34] "[35m[1mGET /favicon.ico HTTP/1.1[0m" 500 -
INFO:werkzeug:127.0.0.1 - - [17/May/2023 09:13:38] "GET /2314 HTTP/1.1" 200 -
ERROR:app:Exception on /favicon.ico [GET]
Traceback (most recent call last):
  File "C:\k_digital\SportsLight\Python\env\Lib\site-packages\flask\app.py", line 2190, in wsgi_app
    response = self.full_dispatch_request()
               ^^^^^^^^^^^^^^^^^^^^^^^^^^^^
  File "C:\k_digital\SportsLight\Python\env\Lib\site-packages\flask\app.py", line 1486, in full_dispatch_request
    rv = self.handle_user_exception(e)
         ^^^^^^^^^^^^^^^^^^^^^^^^^^^^^
  File "C:\k_digital\SportsLight\Python\env\Lib\site-packages\flask\app.py", line 1484, in full_dispatch_request
    rv = self.dispatch_request()
         ^^^^^^^^^^^^^^^^^^^^^^^
  File "C:\k_digital\SportsLight\Python\env\Lib\site-packages\flask\app.py", line 1469, in dispatch_request
    return self.ensure_sync(self.view_functions[rule.endpoint])(**view_args)
           ^^^^^^^^^^^^^^^^^^^^^^^^^^^^^^^^^^^^^^^^^^^^^^^^^^^^^^^^^^^^^^^^^
  File "C:\k_digital\SportsLight\Python\app.py", line 65, in index
    return get_recommendations(int(searchNum))
                               ^^^^^^^^^^^^^^
ValueError: invalid literal for int() with base 10: 'favicon.ico'
INFO:werkzeug:127.0.0.1 - - [17/May/2023 09:13:38] "[35m[1mGET /favicon.ico HTTP/1.1[0m" 500 -
INFO:werkzeug:[31m[1mWARNING: This is a development server. Do not use it in a production deployment. Use a production WSGI server instead.[0m
 * Running on http://127.0.0.1:5000
INFO:werkzeug:[33mPress CTRL+C to quit[0m
ERROR:app:Exception on /2314 [GET]
Traceback (most recent call last):
  File "C:\k_digital\SportsLight\Python\env\Lib\site-packages\pandas\core\indexes\base.py", line 3652, in get_loc
    return self._engine.get_loc(casted_key)
           ^^^^^^^^^^^^^^^^^^^^^^^^^^^^^^^^
  File "pandas\_libs\index.pyx", line 147, in pandas._libs.index.IndexEngine.get_loc
  File "pandas\_libs\index.pyx", line 176, in pandas._libs.index.IndexEngine.get_loc
  File "pandas\_libs\hashtable_class_helper.pxi", line 7080, in pandas._libs.hashtable.PyObjectHashTable.get_item
  File "pandas\_libs\hashtable_class_helper.pxi", line 7088, in pandas._libs.hashtable.PyObjectHashTable.get_item
KeyError: 'Title'

The above exception was the direct cause of the following exception:

Traceback (most recent call last):
  File "C:\k_digital\SportsLight\Python\env\Lib\site-packages\flask\app.py", line 2190, in wsgi_app
    response = self.full_dispatch_request()
               ^^^^^^^^^^^^^^^^^^^^^^^^^^^^
  File "C:\k_digital\SportsLight\Python\env\Lib\site-packages\flask\app.py", line 1486, in full_dispatch_request
    rv = self.handle_user_exception(e)
         ^^^^^^^^^^^^^^^^^^^^^^^^^^^^^
  File "C:\k_digital\SportsLight\Python\env\Lib\site-packages\flask\app.py", line 1484, in full_dispatch_request
    rv = self.dispatch_request()
         ^^^^^^^^^^^^^^^^^^^^^^^
  File "C:\k_digital\SportsLight\Python\env\Lib\site-packages\flask\app.py", line 1469, in dispatch_request
    return self.ensure_sync(self.view_functions[rule.endpoint])(**view_args)
           ^^^^^^^^^^^^^^^^^^^^^^^^^^^^^^^^^^^^^^^^^^^^^^^^^^^^^^^^^^^^^^^^^
  File "C:\k_digital\SportsLight\Python\app.py", line 50, in index
    tfidf_matrix = tfidf.fit_transform(data["Title"])
                                       ~~~~^^^^^^^^^
  File "C:\k_digital\SportsLight\Python\env\Lib\site-packages\pandas\core\frame.py", line 3761, in __getitem__
    indexer = self.columns.get_loc(key)
              ^^^^^^^^^^^^^^^^^^^^^^^^^
  File "C:\k_digital\SportsLight\Python\env\Lib\site-packages\pandas\core\indexes\base.py", line 3654, in get_loc
    raise KeyError(key) from err
KeyError: 'Title'
INFO:werkzeug:127.0.0.1 - - [17/May/2023 11:05:22] "[35m[1mGET /2314 HTTP/1.1[0m" 500 -
ERROR:app:Exception on /favicon.ico [GET]
Traceback (most recent call last):
  File "C:\k_digital\SportsLight\Python\env\Lib\site-packages\pandas\core\indexes\base.py", line 3652, in get_loc
    return self._engine.get_loc(casted_key)
           ^^^^^^^^^^^^^^^^^^^^^^^^^^^^^^^^
  File "pandas\_libs\index.pyx", line 147, in pandas._libs.index.IndexEngine.get_loc
  File "pandas\_libs\index.pyx", line 176, in pandas._libs.index.IndexEngine.get_loc
  File "pandas\_libs\hashtable_class_helper.pxi", line 7080, in pandas._libs.hashtable.PyObjectHashTable.get_item
  File "pandas\_libs\hashtable_class_helper.pxi", line 7088, in pandas._libs.hashtable.PyObjectHashTable.get_item
KeyError: 'Title'

The above exception was the direct cause of the following exception:

Traceback (most recent call last):
  File "C:\k_digital\SportsLight\Python\env\Lib\site-packages\flask\app.py", line 2190, in wsgi_app
    response = self.full_dispatch_request()
               ^^^^^^^^^^^^^^^^^^^^^^^^^^^^
  File "C:\k_digital\SportsLight\Python\env\Lib\site-packages\flask\app.py", line 1486, in full_dispatch_request
    rv = self.handle_user_exception(e)
         ^^^^^^^^^^^^^^^^^^^^^^^^^^^^^
  File "C:\k_digital\SportsLight\Python\env\Lib\site-packages\flask\app.py", line 1484, in full_dispatch_request
    rv = self.dispatch_request()
         ^^^^^^^^^^^^^^^^^^^^^^^
  File "C:\k_digital\SportsLight\Python\env\Lib\site-packages\flask\app.py", line 1469, in dispatch_request
    return self.ensure_sync(self.view_functions[rule.endpoint])(**view_args)
           ^^^^^^^^^^^^^^^^^^^^^^^^^^^^^^^^^^^^^^^^^^^^^^^^^^^^^^^^^^^^^^^^^
  File "C:\k_digital\SportsLight\Python\app.py", line 50, in index
    tfidf_matrix = tfidf.fit_transform(data["Title"])
                                       ~~~~^^^^^^^^^
  File "C:\k_digital\SportsLight\Python\env\Lib\site-packages\pandas\core\frame.py", line 3761, in __getitem__
    indexer = self.columns.get_loc(key)
              ^^^^^^^^^^^^^^^^^^^^^^^^^
  File "C:\k_digital\SportsLight\Python\env\Lib\site-packages\pandas\core\indexes\base.py", line 3654, in get_loc
    raise KeyError(key) from err
KeyError: 'Title'
INFO:werkzeug:127.0.0.1 - - [17/May/2023 11:05:23] "[35m[1mGET /favicon.ico HTTP/1.1[0m" 500 -
ERROR:app:Exception on /1 [GET]
Traceback (most recent call last):
  File "C:\k_digital\SportsLight\Python\env\Lib\site-packages\pandas\core\indexes\base.py", line 3652, in get_loc
    return self._engine.get_loc(casted_key)
           ^^^^^^^^^^^^^^^^^^^^^^^^^^^^^^^^
  File "pandas\_libs\index.pyx", line 147, in pandas._libs.index.IndexEngine.get_loc
  File "pandas\_libs\index.pyx", line 176, in pandas._libs.index.IndexEngine.get_loc
  File "pandas\_libs\hashtable_class_helper.pxi", line 7080, in pandas._libs.hashtable.PyObjectHashTable.get_item
  File "pandas\_libs\hashtable_class_helper.pxi", line 7088, in pandas._libs.hashtable.PyObjectHashTable.get_item
KeyError: 'Title'

The above exception was the direct cause of the following exception:

Traceback (most recent call last):
  File "C:\k_digital\SportsLight\Python\env\Lib\site-packages\flask\app.py", line 2190, in wsgi_app
    response = self.full_dispatch_request()
               ^^^^^^^^^^^^^^^^^^^^^^^^^^^^
  File "C:\k_digital\SportsLight\Python\env\Lib\site-packages\flask\app.py", line 1486, in full_dispatch_request
    rv = self.handle_user_exception(e)
         ^^^^^^^^^^^^^^^^^^^^^^^^^^^^^
  File "C:\k_digital\SportsLight\Python\env\Lib\site-packages\flask\app.py", line 1484, in full_dispatch_request
    rv = self.dispatch_request()
         ^^^^^^^^^^^^^^^^^^^^^^^
  File "C:\k_digital\SportsLight\Python\env\Lib\site-packages\flask\app.py", line 1469, in dispatch_request
    return self.ensure_sync(self.view_functions[rule.endpoint])(**view_args)
           ^^^^^^^^^^^^^^^^^^^^^^^^^^^^^^^^^^^^^^^^^^^^^^^^^^^^^^^^^^^^^^^^^
  File "C:\k_digital\SportsLight\Python\app.py", line 50, in index
    tfidf_matrix = tfidf.fit_transform(data["Title"])
                                       ~~~~^^^^^^^^^
  File "C:\k_digital\SportsLight\Python\env\Lib\site-packages\pandas\core\frame.py", line 3761, in __getitem__
    indexer = self.columns.get_loc(key)
              ^^^^^^^^^^^^^^^^^^^^^^^^^
  File "C:\k_digital\SportsLight\Python\env\Lib\site-packages\pandas\core\indexes\base.py", line 3654, in get_loc
    raise KeyError(key) from err
KeyError: 'Title'
INFO:werkzeug:127.0.0.1 - - [17/May/2023 11:05:46] "[35m[1mGET /1 HTTP/1.1[0m" 500 -
ERROR:app:Exception on /favicon.ico [GET]
Traceback (most recent call last):
  File "C:\k_digital\SportsLight\Python\env\Lib\site-packages\pandas\core\indexes\base.py", line 3652, in get_loc
    return self._engine.get_loc(casted_key)
           ^^^^^^^^^^^^^^^^^^^^^^^^^^^^^^^^
  File "pandas\_libs\index.pyx", line 147, in pandas._libs.index.IndexEngine.get_loc
  File "pandas\_libs\index.pyx", line 176, in pandas._libs.index.IndexEngine.get_loc
  File "pandas\_libs\hashtable_class_helper.pxi", line 7080, in pandas._libs.hashtable.PyObjectHashTable.get_item
  File "pandas\_libs\hashtable_class_helper.pxi", line 7088, in pandas._libs.hashtable.PyObjectHashTable.get_item
KeyError: 'Title'

The above exception was the direct cause of the following exception:

Traceback (most recent call last):
  File "C:\k_digital\SportsLight\Python\env\Lib\site-packages\flask\app.py", line 2190, in wsgi_app
    response = self.full_dispatch_request()
               ^^^^^^^^^^^^^^^^^^^^^^^^^^^^
  File "C:\k_digital\SportsLight\Python\env\Lib\site-packages\flask\app.py", line 1486, in full_dispatch_request
    rv = self.handle_user_exception(e)
         ^^^^^^^^^^^^^^^^^^^^^^^^^^^^^
  File "C:\k_digital\SportsLight\Python\env\Lib\site-packages\flask\app.py", line 1484, in full_dispatch_request
    rv = self.dispatch_request()
         ^^^^^^^^^^^^^^^^^^^^^^^
  File "C:\k_digital\SportsLight\Python\env\Lib\site-packages\flask\app.py", line 1469, in dispatch_request
    return self.ensure_sync(self.view_functions[rule.endpoint])(**view_args)
           ^^^^^^^^^^^^^^^^^^^^^^^^^^^^^^^^^^^^^^^^^^^^^^^^^^^^^^^^^^^^^^^^^
  File "C:\k_digital\SportsLight\Python\app.py", line 50, in index
    tfidf_matrix = tfidf.fit_transform(data["Title"])
                                       ~~~~^^^^^^^^^
  File "C:\k_digital\SportsLight\Python\env\Lib\site-packages\pandas\core\frame.py", line 3761, in __getitem__
    indexer = self.columns.get_loc(key)
              ^^^^^^^^^^^^^^^^^^^^^^^^^
  File "C:\k_digital\SportsLight\Python\env\Lib\site-packages\pandas\core\indexes\base.py", line 3654, in get_loc
    raise KeyError(key) from err
KeyError: 'Title'
INFO:werkzeug:127.0.0.1 - - [17/May/2023 11:05:46] "[35m[1mGET /favicon.ico HTTP/1.1[0m" 500 -
ERROR:app:Exception on /1 [GET]
Traceback (most recent call last):
  File "C:\k_digital\SportsLight\Python\env\Lib\site-packages\pandas\core\indexes\base.py", line 3652, in get_loc
    return self._engine.get_loc(casted_key)
           ^^^^^^^^^^^^^^^^^^^^^^^^^^^^^^^^
  File "pandas\_libs\index.pyx", line 147, in pandas._libs.index.IndexEngine.get_loc
  File "pandas\_libs\index.pyx", line 176, in pandas._libs.index.IndexEngine.get_loc
  File "pandas\_libs\hashtable_class_helper.pxi", line 7080, in pandas._libs.hashtable.PyObjectHashTable.get_item
  File "pandas\_libs\hashtable_class_helper.pxi", line 7088, in pandas._libs.hashtable.PyObjectHashTable.get_item
KeyError: 'Title'

The above exception was the direct cause of the following exception:

Traceback (most recent call last):
  File "C:\k_digital\SportsLight\Python\env\Lib\site-packages\flask\app.py", line 2190, in wsgi_app
    response = self.full_dispatch_request()
               ^^^^^^^^^^^^^^^^^^^^^^^^^^^^
  File "C:\k_digital\SportsLight\Python\env\Lib\site-packages\flask\app.py", line 1486, in full_dispatch_request
    rv = self.handle_user_exception(e)
         ^^^^^^^^^^^^^^^^^^^^^^^^^^^^^
  File "C:\k_digital\SportsLight\Python\env\Lib\site-packages\flask\app.py", line 1484, in full_dispatch_request
    rv = self.dispatch_request()
         ^^^^^^^^^^^^^^^^^^^^^^^
  File "C:\k_digital\SportsLight\Python\env\Lib\site-packages\flask\app.py", line 1469, in dispatch_request
    return self.ensure_sync(self.view_functions[rule.endpoint])(**view_args)
           ^^^^^^^^^^^^^^^^^^^^^^^^^^^^^^^^^^^^^^^^^^^^^^^^^^^^^^^^^^^^^^^^^
  File "C:\k_digital\SportsLight\Python\app.py", line 50, in index
    tfidf_matrix = tfidf.fit_transform(data["videoName"])
                                       ^^^^^^^^^^^^^
  File "C:\k_digital\SportsLight\Python\env\Lib\site-packages\pandas\core\frame.py", line 3761, in __getitem__
    indexer = self.columns.get_loc(key)
              ^^^^^^^^^^^^^^^^^^^^^^^^^
  File "C:\k_digital\SportsLight\Python\env\Lib\site-packages\pandas\core\indexes\base.py", line 3654, in get_loc
    raise KeyError(key) from err
KeyError: 'Title'
INFO:werkzeug:127.0.0.1 - - [17/May/2023 11:08:58] "[35m[1mGET /1 HTTP/1.1[0m" 500 -
ERROR:app:Exception on /favicon.ico [GET]
Traceback (most recent call last):
  File "C:\k_digital\SportsLight\Python\env\Lib\site-packages\pandas\core\indexes\base.py", line 3652, in get_loc
    return self._engine.get_loc(casted_key)
           ^^^^^^^^^^^^^^^^^^^^^^^^^^^^^^^^
  File "pandas\_libs\index.pyx", line 147, in pandas._libs.index.IndexEngine.get_loc
  File "pandas\_libs\index.pyx", line 176, in pandas._libs.index.IndexEngine.get_loc
  File "pandas\_libs\hashtable_class_helper.pxi", line 7080, in pandas._libs.hashtable.PyObjectHashTable.get_item
  File "pandas\_libs\hashtable_class_helper.pxi", line 7088, in pandas._libs.hashtable.PyObjectHashTable.get_item
KeyError: 'Title'

The above exception was the direct cause of the following exception:

Traceback (most recent call last):
  File "C:\k_digital\SportsLight\Python\env\Lib\site-packages\flask\app.py", line 2190, in wsgi_app
    response = self.full_dispatch_request()
               ^^^^^^^^^^^^^^^^^^^^^^^^^^^^
  File "C:\k_digital\SportsLight\Python\env\Lib\site-packages\flask\app.py", line 1486, in full_dispatch_request
    rv = self.handle_user_exception(e)
         ^^^^^^^^^^^^^^^^^^^^^^^^^^^^^
  File "C:\k_digital\SportsLight\Python\env\Lib\site-packages\flask\app.py", line 1484, in full_dispatch_request
    rv = self.dispatch_request()
         ^^^^^^^^^^^^^^^^^^^^^^^
  File "C:\k_digital\SportsLight\Python\env\Lib\site-packages\flask\app.py", line 1469, in dispatch_request
    return self.ensure_sync(self.view_functions[rule.endpoint])(**view_args)
           ^^^^^^^^^^^^^^^^^^^^^^^^^^^^^^^^^^^^^^^^^^^^^^^^^^^^^^^^^^^^^^^^^
  File "C:\k_digital\SportsLight\Python\app.py", line 50, in index
    tfidf_matrix = tfidf.fit_transform(data["videoName"])
                                       ^^^^^^^^^^^^^
  File "C:\k_digital\SportsLight\Python\env\Lib\site-packages\pandas\core\frame.py", line 3761, in __getitem__
    indexer = self.columns.get_loc(key)
              ^^^^^^^^^^^^^^^^^^^^^^^^^
  File "C:\k_digital\SportsLight\Python\env\Lib\site-packages\pandas\core\indexes\base.py", line 3654, in get_loc
    raise KeyError(key) from err
KeyError: 'Title'
INFO:werkzeug:127.0.0.1 - - [17/May/2023 11:08:58] "[35m[1mGET /favicon.ico HTTP/1.1[0m" 500 -
ERROR:app:Exception on /1 [GET]
Traceback (most recent call last):
  File "C:\k_digital\SportsLight\Python\env\Lib\site-packages\pandas\core\indexes\base.py", line 3652, in get_loc
    return self._engine.get_loc(casted_key)
           ^^^^^^^^^^^^^^^^^^^^^^^^^^^^^^^^
  File "pandas\_libs\index.pyx", line 147, in pandas._libs.index.IndexEngine.get_loc
  File "pandas\_libs\index.pyx", line 176, in pandas._libs.index.IndexEngine.get_loc
  File "pandas\_libs\hashtable_class_helper.pxi", line 7080, in pandas._libs.hashtable.PyObjectHashTable.get_item
  File "pandas\_libs\hashtable_class_helper.pxi", line 7088, in pandas._libs.hashtable.PyObjectHashTable.get_item
KeyError: 'Title'

The above exception was the direct cause of the following exception:

Traceback (most recent call last):
  File "C:\k_digital\SportsLight\Python\env\Lib\site-packages\flask\app.py", line 2190, in wsgi_app
    response = self.full_dispatch_request()
               ^^^^^^^^^^^^^^^^^^^^^^^^^^^^
  File "C:\k_digital\SportsLight\Python\env\Lib\site-packages\flask\app.py", line 1486, in full_dispatch_request
    rv = self.handle_user_exception(e)
         ^^^^^^^^^^^^^^^^^^^^^^^^^^^^^
  File "C:\k_digital\SportsLight\Python\env\Lib\site-packages\flask\app.py", line 1484, in full_dispatch_request
    rv = self.dispatch_request()
         ^^^^^^^^^^^^^^^^^^^^^^^
  File "C:\k_digital\SportsLight\Python\env\Lib\site-packages\flask\app.py", line 1469, in dispatch_request
    return self.ensure_sync(self.view_functions[rule.endpoint])(**view_args)
           ^^^^^^^^^^^^^^^^^^^^^^^^^^^^^^^^^^^^^^^^^^^^^^^^^^^^^^^^^^^^^^^^^
  File "C:\k_digital\SportsLight\Python\app.py", line 50, in index
    tfidf_matrix = tfidf.fit_transform(data["videoName"])
                                       ^^^^^^^^^^^^^
  File "C:\k_digital\SportsLight\Python\env\Lib\site-packages\pandas\core\frame.py", line 3761, in __getitem__
    indexer = self.columns.get_loc(key)
              ^^^^^^^^^^^^^^^^^^^^^^^^^
  File "C:\k_digital\SportsLight\Python\env\Lib\site-packages\pandas\core\indexes\base.py", line 3654, in get_loc
    raise KeyError(key) from err
KeyError: 'Title'
INFO:werkzeug:127.0.0.1 - - [17/May/2023 11:11:31] "[35m[1mGET /1 HTTP/1.1[0m" 500 -
ERROR:app:Exception on /favicon.ico [GET]
Traceback (most recent call last):
  File "C:\k_digital\SportsLight\Python\env\Lib\site-packages\pandas\core\indexes\base.py", line 3652, in get_loc
    return self._engine.get_loc(casted_key)
           ^^^^^^^^^^^^^^^^^^^^^^^^^^^^^^^^
  File "pandas\_libs\index.pyx", line 147, in pandas._libs.index.IndexEngine.get_loc
  File "pandas\_libs\index.pyx", line 176, in pandas._libs.index.IndexEngine.get_loc
  File "pandas\_libs\hashtable_class_helper.pxi", line 7080, in pandas._libs.hashtable.PyObjectHashTable.get_item
  File "pandas\_libs\hashtable_class_helper.pxi", line 7088, in pandas._libs.hashtable.PyObjectHashTable.get_item
KeyError: 'Title'

The above exception was the direct cause of the following exception:

Traceback (most recent call last):
  File "C:\k_digital\SportsLight\Python\env\Lib\site-packages\flask\app.py", line 2190, in wsgi_app
    response = self.full_dispatch_request()
               ^^^^^^^^^^^^^^^^^^^^^^^^^^^^
  File "C:\k_digital\SportsLight\Python\env\Lib\site-packages\flask\app.py", line 1486, in full_dispatch_request
    rv = self.handle_user_exception(e)
         ^^^^^^^^^^^^^^^^^^^^^^^^^^^^^
  File "C:\k_digital\SportsLight\Python\env\Lib\site-packages\flask\app.py", line 1484, in full_dispatch_request
    rv = self.dispatch_request()
         ^^^^^^^^^^^^^^^^^^^^^^^
  File "C:\k_digital\SportsLight\Python\env\Lib\site-packages\flask\app.py", line 1469, in dispatch_request
    return self.ensure_sync(self.view_functions[rule.endpoint])(**view_args)
           ^^^^^^^^^^^^^^^^^^^^^^^^^^^^^^^^^^^^^^^^^^^^^^^^^^^^^^^^^^^^^^^^^
  File "C:\k_digital\SportsLight\Python\app.py", line 50, in index
    tfidf_matrix = tfidf.fit_transform(data["videoName"])
                                       ^^^^^^^^^^^^^
  File "C:\k_digital\SportsLight\Python\env\Lib\site-packages\pandas\core\frame.py", line 3761, in __getitem__
    indexer = self.columns.get_loc(key)
              ^^^^^^^^^^^^^^^^^^^^^^^^^
  File "C:\k_digital\SportsLight\Python\env\Lib\site-packages\pandas\core\indexes\base.py", line 3654, in get_loc
    raise KeyError(key) from err
KeyError: 'Title'
INFO:werkzeug:127.0.0.1 - - [17/May/2023 11:11:32] "[35m[1mGET /favicon.ico HTTP/1.1[0m" 500 -
ERROR:app:Exception on /1 [GET]
Traceback (most recent call last):
  File "C:\k_digital\SportsLight\Python\env\Lib\site-packages\pandas\core\indexes\base.py", line 3652, in get_loc
    return self._engine.get_loc(casted_key)
           ^^^^^^^^^^^^^^^^^^^^^^^^^^^^^^^^
  File "pandas\_libs\index.pyx", line 147, in pandas._libs.index.IndexEngine.get_loc
  File "pandas\_libs\index.pyx", line 176, in pandas._libs.index.IndexEngine.get_loc
  File "pandas\_libs\hashtable_class_helper.pxi", line 7080, in pandas._libs.hashtable.PyObjectHashTable.get_item
  File "pandas\_libs\hashtable_class_helper.pxi", line 7088, in pandas._libs.hashtable.PyObjectHashTable.get_item
KeyError: 'Title'

The above exception was the direct cause of the following exception:

Traceback (most recent call last):
  File "C:\k_digital\SportsLight\Python\env\Lib\site-packages\flask\app.py", line 2190, in wsgi_app
    response = self.full_dispatch_request()
               ^^^^^^^^^^^^^^^^^^^^^^^^^^^^
  File "C:\k_digital\SportsLight\Python\env\Lib\site-packages\flask\app.py", line 1486, in full_dispatch_request
    rv = self.handle_user_exception(e)
         ^^^^^^^^^^^^^^^^^^^^^^^^^^^^^
  File "C:\k_digital\SportsLight\Python\env\Lib\site-packages\flask\app.py", line 1484, in full_dispatch_request
    rv = self.dispatch_request()
         ^^^^^^^^^^^^^^^^^^^^^^^
  File "C:\k_digital\SportsLight\Python\env\Lib\site-packages\flask\app.py", line 1469, in dispatch_request
    return self.ensure_sync(self.view_functions[rule.endpoint])(**view_args)
           ^^^^^^^^^^^^^^^^^^^^^^^^^^^^^^^^^^^^^^^^^^^^^^^^^^^^^^^^^^^^^^^^^
  File "C:\k_digital\SportsLight\Python\app.py", line 50, in index
    tfidf_matrix = tfidf.fit_transform(data["videoName"])
                                       ^^^^^^^^^^^^^
  File "C:\k_digital\SportsLight\Python\env\Lib\site-packages\pandas\core\frame.py", line 3761, in __getitem__
    indexer = self.columns.get_loc(key)
              ^^^^^^^^^^^^^^^^^^^^^^^^^
  File "C:\k_digital\SportsLight\Python\env\Lib\site-packages\pandas\core\indexes\base.py", line 3654, in get_loc
    raise KeyError(key) from err
KeyError: 'Title'
INFO:werkzeug:127.0.0.1 - - [17/May/2023 11:13:41] "[35m[1mGET /1 HTTP/1.1[0m" 500 -
ERROR:app:Exception on /favicon.ico [GET]
Traceback (most recent call last):
  File "C:\k_digital\SportsLight\Python\env\Lib\site-packages\pandas\core\indexes\base.py", line 3652, in get_loc
    return self._engine.get_loc(casted_key)
           ^^^^^^^^^^^^^^^^^^^^^^^^^^^^^^^^
  File "pandas\_libs\index.pyx", line 147, in pandas._libs.index.IndexEngine.get_loc
  File "pandas\_libs\index.pyx", line 176, in pandas._libs.index.IndexEngine.get_loc
  File "pandas\_libs\hashtable_class_helper.pxi", line 7080, in pandas._libs.hashtable.PyObjectHashTable.get_item
  File "pandas\_libs\hashtable_class_helper.pxi", line 7088, in pandas._libs.hashtable.PyObjectHashTable.get_item
KeyError: 'Title'

The above exception was the direct cause of the following exception:

Traceback (most recent call last):
  File "C:\k_digital\SportsLight\Python\env\Lib\site-packages\flask\app.py", line 2190, in wsgi_app
    response = self.full_dispatch_request()
               ^^^^^^^^^^^^^^^^^^^^^^^^^^^^
  File "C:\k_digital\SportsLight\Python\env\Lib\site-packages\flask\app.py", line 1486, in full_dispatch_request
    rv = self.handle_user_exception(e)
         ^^^^^^^^^^^^^^^^^^^^^^^^^^^^^
  File "C:\k_digital\SportsLight\Python\env\Lib\site-packages\flask\app.py", line 1484, in full_dispatch_request
    rv = self.dispatch_request()
         ^^^^^^^^^^^^^^^^^^^^^^^
  File "C:\k_digital\SportsLight\Python\env\Lib\site-packages\flask\app.py", line 1469, in dispatch_request
    return self.ensure_sync(self.view_functions[rule.endpoint])(**view_args)
           ^^^^^^^^^^^^^^^^^^^^^^^^^^^^^^^^^^^^^^^^^^^^^^^^^^^^^^^^^^^^^^^^^
  File "C:\k_digital\SportsLight\Python\app.py", line 50, in index
    tfidf_matrix = tfidf.fit_transform(data["videoName"])
                                       ^^^^^^^^^^^^^
  File "C:\k_digital\SportsLight\Python\env\Lib\site-packages\pandas\core\frame.py", line 3761, in __getitem__
    indexer = self.columns.get_loc(key)
              ^^^^^^^^^^^^^^^^^^^^^^^^^
  File "C:\k_digital\SportsLight\Python\env\Lib\site-packages\pandas\core\indexes\base.py", line 3654, in get_loc
    raise KeyError(key) from err
KeyError: 'Title'
INFO:werkzeug:127.0.0.1 - - [17/May/2023 11:13:41] "[35m[1mGET /favicon.ico HTTP/1.1[0m" 500 -
ERROR:app:Exception on /2 [GET]
Traceback (most recent call last):
  File "C:\k_digital\SportsLight\Python\env\Lib\site-packages\pandas\core\indexes\base.py", line 3652, in get_loc
    return self._engine.get_loc(casted_key)
           ^^^^^^^^^^^^^^^^^^^^^^^^^^^^^^^^
  File "pandas\_libs\index.pyx", line 147, in pandas._libs.index.IndexEngine.get_loc
  File "pandas\_libs\index.pyx", line 176, in pandas._libs.index.IndexEngine.get_loc
  File "pandas\_libs\hashtable_class_helper.pxi", line 7080, in pandas._libs.hashtable.PyObjectHashTable.get_item
  File "pandas\_libs\hashtable_class_helper.pxi", line 7088, in pandas._libs.hashtable.PyObjectHashTable.get_item
KeyError: 'Title'

The above exception was the direct cause of the following exception:

Traceback (most recent call last):
  File "C:\k_digital\SportsLight\Python\env\Lib\site-packages\flask\app.py", line 2190, in wsgi_app
    response = self.full_dispatch_request()
               ^^^^^^^^^^^^^^^^^^^^^^^^^^^^
  File "C:\k_digital\SportsLight\Python\env\Lib\site-packages\flask\app.py", line 1486, in full_dispatch_request
    rv = self.handle_user_exception(e)
         ^^^^^^^^^^^^^^^^^^^^^^^^^^^^^
  File "C:\k_digital\SportsLight\Python\env\Lib\site-packages\flask\app.py", line 1484, in full_dispatch_request
    rv = self.dispatch_request()
         ^^^^^^^^^^^^^^^^^^^^^^^
  File "C:\k_digital\SportsLight\Python\env\Lib\site-packages\flask\app.py", line 1469, in dispatch_request
    return self.ensure_sync(self.view_functions[rule.endpoint])(**view_args)
           ^^^^^^^^^^^^^^^^^^^^^^^^^^^^^^^^^^^^^^^^^^^^^^^^^^^^^^^^^^^^^^^^^
  File "C:\k_digital\SportsLight\Python\app.py", line 50, in index
    tfidf_matrix = tfidf.fit_transform(data["videoName"])
                                       ^^^^^^^^^^^^^
  File "C:\k_digital\SportsLight\Python\env\Lib\site-packages\pandas\core\frame.py", line 3761, in __getitem__
    indexer = self.columns.get_loc(key)
              ^^^^^^^^^^^^^^^^^^^^^^^^^
  File "C:\k_digital\SportsLight\Python\env\Lib\site-packages\pandas\core\indexes\base.py", line 3654, in get_loc
    raise KeyError(key) from err
KeyError: 'Title'
INFO:werkzeug:127.0.0.1 - - [17/May/2023 11:13:55] "[35m[1mGET /2 HTTP/1.1[0m" 500 -
ERROR:app:Exception on /2 [GET]
Traceback (most recent call last):
  File "C:\k_digital\SportsLight\Python\env\Lib\site-packages\pandas\core\indexes\base.py", line 3652, in get_loc
    return self._engine.get_loc(casted_key)
           ^^^^^^^^^^^^^^^^^^^^^^^^^^^^^^^^
  File "pandas\_libs\index.pyx", line 147, in pandas._libs.index.IndexEngine.get_loc
  File "pandas\_libs\index.pyx", line 176, in pandas._libs.index.IndexEngine.get_loc
  File "pandas\_libs\hashtable_class_helper.pxi", line 7080, in pandas._libs.hashtable.PyObjectHashTable.get_item
  File "pandas\_libs\hashtable_class_helper.pxi", line 7088, in pandas._libs.hashtable.PyObjectHashTable.get_item
KeyError: 'Title'

The above exception was the direct cause of the following exception:

Traceback (most recent call last):
  File "C:\k_digital\SportsLight\Python\env\Lib\site-packages\flask\app.py", line 2190, in wsgi_app
    response = self.full_dispatch_request()
               ^^^^^^^^^^^^^^^^^^^^^^^^^^^^
  File "C:\k_digital\SportsLight\Python\env\Lib\site-packages\flask\app.py", line 1486, in full_dispatch_request
    rv = self.handle_user_exception(e)
         ^^^^^^^^^^^^^^^^^^^^^^^^^^^^^
  File "C:\k_digital\SportsLight\Python\env\Lib\site-packages\flask\app.py", line 1484, in full_dispatch_request
    rv = self.dispatch_request()
         ^^^^^^^^^^^^^^^^^^^^^^^
  File "C:\k_digital\SportsLight\Python\env\Lib\site-packages\flask\app.py", line 1469, in dispatch_request
    return self.ensure_sync(self.view_functions[rule.endpoint])(**view_args)
           ^^^^^^^^^^^^^^^^^^^^^^^^^^^^^^^^^^^^^^^^^^^^^^^^^^^^^^^^^^^^^^^^^
  File "C:\k_digital\SportsLight\Python\app.py", line 50, in index
    tfidf_matrix = tfidf.fit_transform(data["videoName"])
                                       ^^^^^^^^^^^^^
  File "C:\k_digital\SportsLight\Python\env\Lib\site-packages\pandas\core\frame.py", line 3761, in __getitem__
    indexer = self.columns.get_loc(key)
              ^^^^^^^^^^^^^^^^^^^^^^^^^
  File "C:\k_digital\SportsLight\Python\env\Lib\site-packages\pandas\core\indexes\base.py", line 3654, in get_loc
    raise KeyError(key) from err
KeyError: 'Title'
INFO:werkzeug:127.0.0.1 - - [17/May/2023 11:15:42] "[35m[1mGET /2 HTTP/1.1[0m" 500 -
ERROR:app:Exception on /2 [GET]
Traceback (most recent call last):
  File "C:\k_digital\SportsLight\Python\env\Lib\site-packages\pandas\core\indexes\base.py", line 3652, in get_loc
    return self._engine.get_loc(casted_key)
           ^^^^^^^^^^^^^^^^^^^^^^^^^^^^^^^^
  File "pandas\_libs\index.pyx", line 147, in pandas._libs.index.IndexEngine.get_loc
  File "pandas\_libs\index.pyx", line 176, in pandas._libs.index.IndexEngine.get_loc
  File "pandas\_libs\hashtable_class_helper.pxi", line 7080, in pandas._libs.hashtable.PyObjectHashTable.get_item
  File "pandas\_libs\hashtable_class_helper.pxi", line 7088, in pandas._libs.hashtable.PyObjectHashTable.get_item
KeyError: 'Title'

The above exception was the direct cause of the following exception:

Traceback (most recent call last):
  File "C:\k_digital\SportsLight\Python\env\Lib\site-packages\flask\app.py", line 2190, in wsgi_app
    response = self.full_dispatch_request()
               ^^^^^^^^^^^^^^^^^^^^^^^^^^^^
  File "C:\k_digital\SportsLight\Python\env\Lib\site-packages\flask\app.py", line 1486, in full_dispatch_request
    rv = self.handle_user_exception(e)
         ^^^^^^^^^^^^^^^^^^^^^^^^^^^^^
  File "C:\k_digital\SportsLight\Python\env\Lib\site-packages\flask\app.py", line 1484, in full_dispatch_request
    rv = self.dispatch_request()
         ^^^^^^^^^^^^^^^^^^^^^^^
  File "C:\k_digital\SportsLight\Python\env\Lib\site-packages\flask\app.py", line 1469, in dispatch_request
    return self.ensure_sync(self.view_functions[rule.endpoint])(**view_args)
           ^^^^^^^^^^^^^^^^^^^^^^^^^^^^^^^^^^^^^^^^^^^^^^^^^^^^^^^^^^^^^^^^^
  File "C:\k_digital\SportsLight\Python\app.py", line 50, in index
    tfidf_matrix = tfidf.fit_transform(data["videoName"])
                                       ^^^^^^^^^^^^^
  File "C:\k_digital\SportsLight\Python\env\Lib\site-packages\pandas\core\frame.py", line 3761, in __getitem__
    indexer = self.columns.get_loc(key)
              ^^^^^^^^^^^^^^^^^^^^^^^^^
  File "C:\k_digital\SportsLight\Python\env\Lib\site-packages\pandas\core\indexes\base.py", line 3654, in get_loc
    raise KeyError(key) from err
KeyError: 'Title'
INFO:werkzeug:127.0.0.1 - - [17/May/2023 11:16:26] "[35m[1mGET /2 HTTP/1.1[0m" 500 -
ERROR:app:Exception on /2 [GET]
Traceback (most recent call last):
  File "C:\k_digital\SportsLight\Python\env\Lib\site-packages\pandas\core\indexes\base.py", line 3652, in get_loc
    return self._engine.get_loc(casted_key)
           ^^^^^^^^^^^^^^^^^^^^^^^^^^^^^^^^
  File "pandas\_libs\index.pyx", line 147, in pandas._libs.index.IndexEngine.get_loc
  File "pandas\_libs\index.pyx", line 176, in pandas._libs.index.IndexEngine.get_loc
  File "pandas\_libs\hashtable_class_helper.pxi", line 7080, in pandas._libs.hashtable.PyObjectHashTable.get_item
  File "pandas\_libs\hashtable_class_helper.pxi", line 7088, in pandas._libs.hashtable.PyObjectHashTable.get_item
KeyError: 'Title'

The above exception was the direct cause of the following exception:

Traceback (most recent call last):
  File "C:\k_digital\SportsLight\Python\env\Lib\site-packages\flask\app.py", line 2190, in wsgi_app
    response = self.full_dispatch_request()
               ^^^^^^^^^^^^^^^^^^^^^^^^^^^^
  File "C:\k_digital\SportsLight\Python\env\Lib\site-packages\flask\app.py", line 1486, in full_dispatch_request
    rv = self.handle_user_exception(e)
         ^^^^^^^^^^^^^^^^^^^^^^^^^^^^^
  File "C:\k_digital\SportsLight\Python\env\Lib\site-packages\flask\app.py", line 1484, in full_dispatch_request
    rv = self.dispatch_request()
         ^^^^^^^^^^^^^^^^^^^^^^^
  File "C:\k_digital\SportsLight\Python\env\Lib\site-packages\flask\app.py", line 1469, in dispatch_request
    return self.ensure_sync(self.view_functions[rule.endpoint])(**view_args)
           ^^^^^^^^^^^^^^^^^^^^^^^^^^^^^^^^^^^^^^^^^^^^^^^^^^^^^^^^^^^^^^^^^
  File "C:\k_digital\SportsLight\Python\app.py", line 50, in index
    tfidf_matrix = tfidf.fit_transform(data["videoName"])
                                       ^^^^^^^^^^^^^
  File "C:\k_digital\SportsLight\Python\env\Lib\site-packages\pandas\core\frame.py", line 3761, in __getitem__
    indexer = self.columns.get_loc(key)
              ^^^^^^^^^^^^^^^^^^^^^^^^^
  File "C:\k_digital\SportsLight\Python\env\Lib\site-packages\pandas\core\indexes\base.py", line 3654, in get_loc
    raise KeyError(key) from err
KeyError: 'Title'
INFO:werkzeug:127.0.0.1 - - [17/May/2023 11:16:45] "[35m[1mGET /2 HTTP/1.1[0m" 500 -
INFO:werkzeug:[31m[1mWARNING: This is a development server. Do not use it in a production deployment. Use a production WSGI server instead.[0m
 * Running on http://127.0.0.1:5000
INFO:werkzeug:[33mPress CTRL+C to quit[0m
INFO:werkzeug: * Restarting with stat
WARNING:werkzeug: * Debugger is active!
INFO:werkzeug: * Debugger PIN: 326-603-595
INFO:werkzeug:127.0.0.1 - - [17/May/2023 11:25:23] "GET /1 HTTP/1.1" 200 -
INFO:werkzeug:127.0.0.1 - - [17/May/2023 11:25:23] "GET /favicon.ico HTTP/1.1" 200 -
INFO:werkzeug: * Detected change in 'C:\\k_digital\\SportsLight\\Python\\app.py', reloading
INFO:werkzeug: * Restarting with stat
WARNING:werkzeug: * Debugger is active!
INFO:werkzeug: * Debugger PIN: 326-603-595
INFO:werkzeug:127.0.0.1 - - [17/May/2023 11:25:43] "[35m[1mGET /1 HTTP/1.1[0m" 500 -
INFO:werkzeug:127.0.0.1 - - [17/May/2023 11:25:43] "GET /1?__debugger__=yes&cmd=resource&f=style.css HTTP/1.1" 200 -
INFO:werkzeug:127.0.0.1 - - [17/May/2023 11:25:43] "GET /1?__debugger__=yes&cmd=resource&f=debugger.js HTTP/1.1" 200 -
INFO:werkzeug:127.0.0.1 - - [17/May/2023 11:25:44] "GET /1?__debugger__=yes&cmd=resource&f=console.png HTTP/1.1" 200 -
INFO:werkzeug:127.0.0.1 - - [17/May/2023 11:25:44] "GET /1?__debugger__=yes&cmd=resource&f=console.png HTTP/1.1" 200 -
INFO:werkzeug: * Detected change in 'C:\\k_digital\\SportsLight\\Python\\app.py', reloading
INFO:werkzeug: * Restarting with stat
WARNING:werkzeug: * Debugger is active!
INFO:werkzeug: * Debugger PIN: 326-603-595
INFO:werkzeug:127.0.0.1 - - [17/May/2023 11:26:15] "[35m[1mGET /1 HTTP/1.1[0m" 500 -
INFO:werkzeug:127.0.0.1 - - [17/May/2023 11:26:16] "GET /1?__debugger__=yes&cmd=resource&f=debugger.js HTTP/1.1" 200 -
INFO:werkzeug:127.0.0.1 - - [17/May/2023 11:26:16] "GET /1?__debugger__=yes&cmd=resource&f=style.css HTTP/1.1" 200 -
INFO:werkzeug:127.0.0.1 - - [17/May/2023 11:26:16] "GET /1?__debugger__=yes&cmd=resource&f=console.png HTTP/1.1" 200 -
INFO:werkzeug:127.0.0.1 - - [17/May/2023 11:26:16] "GET /1?__debugger__=yes&cmd=resource&f=console.png HTTP/1.1" 200 -
INFO:werkzeug: * Detected change in 'C:\\k_digital\\SportsLight\\Python\\app.py', reloading
INFO:werkzeug: * Restarting with stat
WARNING:werkzeug: * Debugger is active!
INFO:werkzeug: * Debugger PIN: 326-603-595
INFO:werkzeug:127.0.0.1 - - [17/May/2023 11:26:37] "[35m[1mGET /1 HTTP/1.1[0m" 500 -
INFO:werkzeug:127.0.0.1 - - [17/May/2023 11:26:37] "GET /1?__debugger__=yes&cmd=resource&f=style.css HTTP/1.1" 200 -
INFO:werkzeug:127.0.0.1 - - [17/May/2023 11:26:38] "GET /1?__debugger__=yes&cmd=resource&f=debugger.js HTTP/1.1" 200 -
INFO:werkzeug:127.0.0.1 - - [17/May/2023 11:26:38] "GET /1?__debugger__=yes&cmd=resource&f=console.png HTTP/1.1" 200 -
INFO:werkzeug:127.0.0.1 - - [17/May/2023 11:26:38] "GET /1?__debugger__=yes&cmd=resource&f=console.png HTTP/1.1" 200 -
INFO:werkzeug: * Detected change in 'C:\\k_digital\\SportsLight\\Python\\app.py', reloading
INFO:werkzeug: * Restarting with stat
WARNING:werkzeug: * Debugger is active!
INFO:werkzeug: * Debugger PIN: 326-603-595
INFO:werkzeug:127.0.0.1 - - [17/May/2023 11:28:51] "[35m[1mGET /1 HTTP/1.1[0m" 500 -
INFO:werkzeug:127.0.0.1 - - [17/May/2023 11:28:51] "GET /1?__debugger__=yes&cmd=resource&f=style.css HTTP/1.1" 200 -
INFO:werkzeug:127.0.0.1 - - [17/May/2023 11:28:51] "GET /1?__debugger__=yes&cmd=resource&f=debugger.js HTTP/1.1" 200 -
INFO:werkzeug:127.0.0.1 - - [17/May/2023 11:28:51] "GET /1?__debugger__=yes&cmd=resource&f=console.png HTTP/1.1" 200 -
INFO:werkzeug:127.0.0.1 - - [17/May/2023 11:28:52] "GET /1?__debugger__=yes&cmd=resource&f=console.png HTTP/1.1" 200 -
INFO:werkzeug: * Detected change in 'C:\\k_digital\\SportsLight\\Python\\app.py', reloading
INFO:werkzeug: * Restarting with stat
WARNING:werkzeug: * Debugger is active!
INFO:werkzeug: * Debugger PIN: 326-603-595
INFO:werkzeug:127.0.0.1 - - [17/May/2023 11:29:07] "[35m[1mGET /1 HTTP/1.1[0m" 500 -
INFO:werkzeug:127.0.0.1 - - [17/May/2023 11:29:07] "GET /1?__debugger__=yes&cmd=resource&f=style.css HTTP/1.1" 200 -
INFO:werkzeug:127.0.0.1 - - [17/May/2023 11:29:07] "GET /1?__debugger__=yes&cmd=resource&f=debugger.js HTTP/1.1" 200 -
INFO:werkzeug:127.0.0.1 - - [17/May/2023 11:29:08] "GET /1?__debugger__=yes&cmd=resource&f=console.png HTTP/1.1" 200 -
INFO:werkzeug:127.0.0.1 - - [17/May/2023 11:29:08] "GET /1?__debugger__=yes&cmd=resource&f=console.png HTTP/1.1" 200 -
INFO:werkzeug: * Detected change in 'C:\\k_digital\\SportsLight\\Python\\app.py', reloading
INFO:werkzeug: * Restarting with stat
WARNING:werkzeug: * Debugger is active!
INFO:werkzeug: * Debugger PIN: 326-603-595
INFO:werkzeug:127.0.0.1 - - [17/May/2023 11:29:19] "[35m[1mGET /1 HTTP/1.1[0m" 500 -
INFO:werkzeug:127.0.0.1 - - [17/May/2023 11:29:19] "GET /1?__debugger__=yes&cmd=resource&f=style.css HTTP/1.1" 200 -
INFO:werkzeug:127.0.0.1 - - [17/May/2023 11:29:19] "GET /1?__debugger__=yes&cmd=resource&f=debugger.js HTTP/1.1" 200 -
INFO:werkzeug:127.0.0.1 - - [17/May/2023 11:29:19] "GET /1?__debugger__=yes&cmd=resource&f=console.png HTTP/1.1" 200 -
INFO:werkzeug:127.0.0.1 - - [17/May/2023 11:29:20] "GET /1?__debugger__=yes&cmd=resource&f=console.png HTTP/1.1" 200 -
INFO:werkzeug: * Detected change in 'C:\\k_digital\\SportsLight\\Python\\app.py', reloading
INFO:werkzeug: * Restarting with stat
WARNING:werkzeug: * Debugger is active!
INFO:werkzeug: * Debugger PIN: 326-603-595
INFO:werkzeug:127.0.0.1 - - [17/May/2023 11:29:42] "[35m[1mGET /1 HTTP/1.1[0m" 500 -
INFO:werkzeug:127.0.0.1 - - [17/May/2023 11:29:42] "GET /1?__debugger__=yes&cmd=resource&f=style.css HTTP/1.1" 200 -
INFO:werkzeug:127.0.0.1 - - [17/May/2023 11:29:42] "GET /1?__debugger__=yes&cmd=resource&f=debugger.js HTTP/1.1" 200 -
INFO:werkzeug:127.0.0.1 - - [17/May/2023 11:29:42] "GET /1?__debugger__=yes&cmd=resource&f=console.png HTTP/1.1" 200 -
INFO:werkzeug:127.0.0.1 - - [17/May/2023 11:29:42] "GET /1?__debugger__=yes&cmd=resource&f=console.png HTTP/1.1" 200 -
INFO:werkzeug: * Detected change in 'C:\\k_digital\\SportsLight\\Python\\app.py', reloading
INFO:werkzeug: * Restarting with stat
WARNING:werkzeug: * Debugger is active!
INFO:werkzeug: * Debugger PIN: 326-603-595
INFO:werkzeug:127.0.0.1 - - [17/May/2023 11:30:59] "[35m[1mGET /1 HTTP/1.1[0m" 500 -
INFO:werkzeug:127.0.0.1 - - [17/May/2023 11:30:59] "GET /1?__debugger__=yes&cmd=resource&f=style.css HTTP/1.1" 200 -
INFO:werkzeug:127.0.0.1 - - [17/May/2023 11:30:59] "GET /1?__debugger__=yes&cmd=resource&f=debugger.js HTTP/1.1" 200 -
INFO:werkzeug:127.0.0.1 - - [17/May/2023 11:30:59] "GET /1?__debugger__=yes&cmd=resource&f=console.png HTTP/1.1" 200 -
INFO:werkzeug:127.0.0.1 - - [17/May/2023 11:31:00] "GET /1?__debugger__=yes&cmd=resource&f=console.png HTTP/1.1" 200 -
INFO:werkzeug: * Detected change in 'C:\\k_digital\\SportsLight\\Python\\app.py', reloading
INFO:werkzeug: * Restarting with stat
WARNING:werkzeug: * Debugger is active!
INFO:werkzeug: * Debugger PIN: 326-603-595
INFO:werkzeug:127.0.0.1 - - [17/May/2023 11:31:37] "GET /1 HTTP/1.1" 200 -
INFO:werkzeug:127.0.0.1 - - [17/May/2023 11:31:38] "[35m[1mGET /favicon.ico HTTP/1.1[0m" 500 -
INFO:werkzeug:127.0.0.1 - - [17/May/2023 11:31:44] "GET /23 HTTP/1.1" 200 -
INFO:werkzeug:127.0.0.1 - - [17/May/2023 11:31:44] "[35m[1mGET /favicon.ico HTTP/1.1[0m" 500 -
INFO:werkzeug:127.0.0.1 - - [17/May/2023 11:31:49] "GET /586 HTTP/1.1" 200 -
INFO:werkzeug:127.0.0.1 - - [17/May/2023 11:31:50] "[35m[1mGET /favicon.ico HTTP/1.1[0m" 500 -
INFO:werkzeug: * Detected change in 'C:\\k_digital\\SportsLight\\Python\\app.py', reloading
INFO:werkzeug: * Restarting with stat
WARNING:werkzeug: * Debugger is active!
INFO:werkzeug: * Debugger PIN: 326-603-595
INFO:werkzeug: * Detected change in 'C:\\k_digital\\SportsLight\\Python\\app.py', reloading
INFO:werkzeug: * Restarting with stat
WARNING:werkzeug: * Debugger is active!
INFO:werkzeug: * Debugger PIN: 326-603-595
INFO:werkzeug: * Detected change in 'C:\\k_digital\\SportsLight\\Python\\app.py', reloading
INFO:werkzeug: * Restarting with stat
WARNING:werkzeug: * Debugger is active!
INFO:werkzeug: * Debugger PIN: 326-603-595
INFO:werkzeug:127.0.0.1 - - [17/May/2023 14:07:29] "[35m[1mGET /586 HTTP/1.1[0m" 500 -
INFO:werkzeug:127.0.0.1 - - [17/May/2023 14:07:29] "GET /586?__debugger__=yes&cmd=resource&f=debugger.js HTTP/1.1" 200 -
INFO:werkzeug:127.0.0.1 - - [17/May/2023 14:07:29] "GET /586?__debugger__=yes&cmd=resource&f=style.css HTTP/1.1" 200 -
INFO:werkzeug:127.0.0.1 - - [17/May/2023 14:07:29] "GET /586?__debugger__=yes&cmd=resource&f=console.png HTTP/1.1" 200 -
INFO:werkzeug:127.0.0.1 - - [17/May/2023 14:07:30] "GET /586?__debugger__=yes&cmd=resource&f=console.png HTTP/1.1" 200 -
INFO:werkzeug: * Detected change in 'C:\\k_digital\\SportsLight\\Python\\app.py', reloading
INFO:werkzeug: * Restarting with stat
WARNING:werkzeug: * Debugger is active!
INFO:werkzeug: * Debugger PIN: 326-603-595
INFO:werkzeug:127.0.0.1 - - [17/May/2023 14:20:03] "GET /586 HTTP/1.1" 200 -
INFO:werkzeug:127.0.0.1 - - [17/May/2023 14:20:04] "[35m[1mGET /favicon.ico HTTP/1.1[0m" 500 -
INFO:werkzeug:127.0.0.1 - - [17/May/2023 16:15:22] "GET /33 HTTP/1.1" 200 -
INFO:werkzeug:127.0.0.1 - - [17/May/2023 16:20:58] "GET /33 HTTP/1.1" 200 -
INFO:werkzeug:127.0.0.1 - - [17/May/2023 16:22:23] "GET /547 HTTP/1.1" 200 -
INFO:werkzeug:127.0.0.1 - - [17/May/2023 16:42:13] "GET /547 HTTP/1.1" 200 -
INFO:werkzeug:127.0.0.1 - - [17/May/2023 16:42:54] "GET /1665 HTTP/1.1" 200 -
INFO:werkzeug:127.0.0.1 - - [17/May/2023 16:50:01] "GET /1665 HTTP/1.1" 200 -
INFO:werkzeug:127.0.0.1 - - [17/May/2023 16:50:32] "GET /1665 HTTP/1.1" 200 -
INFO:werkzeug:127.0.0.1 - - [17/May/2023 17:12:23] "GET /1665 HTTP/1.1" 200 -
INFO:werkzeug:127.0.0.1 - - [17/May/2023 17:44:58] "GET /1665 HTTP/1.1" 200 -
INFO:werkzeug:127.0.0.1 - - [17/May/2023 17:45:28] "GET /1665 HTTP/1.1" 200 -
INFO:werkzeug:127.0.0.1 - - [17/May/2023 17:52:03] "GET /1665 HTTP/1.1" 200 -
INFO:werkzeug:127.0.0.1 - - [17/May/2023 19:00:31] "GET /1665 HTTP/1.1" 200 -
INFO:werkzeug:127.0.0.1 - - [17/May/2023 19:34:54] "GET /1665 HTTP/1.1" 200 -
INFO:werkzeug:127.0.0.1 - - [17/May/2023 20:25:57] "GET /1665 HTTP/1.1" 200 -
INFO:werkzeug:127.0.0.1 - - [17/May/2023 20:26:13] "GET /1665 HTTP/1.1" 200 -
INFO:werkzeug:127.0.0.1 - - [17/May/2023 20:28:52] "GET /1665 HTTP/1.1" 200 -
INFO:werkzeug:127.0.0.1 - - [17/May/2023 20:28:55] "GET /1665 HTTP/1.1" 200 -
INFO:werkzeug:127.0.0.1 - - [17/May/2023 20:28:57] "GET /1665 HTTP/1.1" 200 -
INFO:werkzeug:127.0.0.1 - - [17/May/2023 20:38:05] "GET /1665 HTTP/1.1" 200 -
INFO:werkzeug:127.0.0.1 - - [17/May/2023 20:38:13] "GET /1665 HTTP/1.1" 200 -
INFO:werkzeug:127.0.0.1 - - [17/May/2023 20:40:27] "GET /1123 HTTP/1.1" 200 -
INFO:werkzeug:127.0.0.1 - - [17/May/2023 20:40:27] "[35m[1mGET /favicon.ico HTTP/1.1[0m" 500 -
INFO:werkzeug:127.0.0.1 - - [17/May/2023 21:02:47] "GET /1665 HTTP/1.1" 200 -
INFO:werkzeug:127.0.0.1 - - [17/May/2023 21:02:50] "GET /1665 HTTP/1.1" 200 -
INFO:werkzeug:[31m[1mWARNING: This is a development server. Do not use it in a production deployment. Use a production WSGI server instead.[0m
 * Running on http://127.0.0.1:5000
INFO:werkzeug:[33mPress CTRL+C to quit[0m
INFO:werkzeug: * Restarting with stat
WARNING:werkzeug: * Debugger is active!
INFO:werkzeug: * Debugger PIN: 326-603-595
INFO:werkzeug:127.0.0.1 - - [18/May/2023 11:02:46] "GET / HTTP/1.1" 200 -
INFO:werkzeug:127.0.0.1 - - [18/May/2023 11:02:47] "[35m[1mGET /favicon.ico HTTP/1.1[0m" 500 -
INFO:werkzeug:127.0.0.1 - - [18/May/2023 13:39:53] "GET /4405 HTTP/1.1" 200 -
INFO:werkzeug:127.0.0.1 - - [18/May/2023 13:46:48] "GET /4405 HTTP/1.1" 200 -
INFO:werkzeug:127.0.0.1 - - [18/May/2023 15:36:28] "GET /4405 HTTP/1.1" 200 -
INFO:werkzeug:127.0.0.1 - - [18/May/2023 16:05:45] "GET /4405 HTTP/1.1" 200 -
INFO:werkzeug:127.0.0.1 - - [18/May/2023 16:14:00] "GET /4405 HTTP/1.1" 200 -
INFO:werkzeug:127.0.0.1 - - [18/May/2023 16:20:20] "GET /4481 HTTP/1.1" 200 -
